{"/Users/geneween/Development/code/react-projects/search-newspapers-dev/SearchNewspapers/actions/results.js": {"path":"/Users/geneween/Development/code/react-projects/search-newspapers-dev/SearchNewspapers/actions/results.js","statementMap":{"0":{"start":{"line":1,"column":13},"end":{"line":1,"column":75}},"1":{"start":{"line":1,"column":75},"end":{"line":1,"column":103}},"2":{"start":{"line":1,"column":116},"end":{"line":1,"column":145}},"3":{"start":{"line":3,"column":17},"end":{"line":13,"column":1}},"4":{"start":{"line":4,"column":12},"end":{"line":4,"column":67}},"5":{"start":{"line":5,"column":2},"end":{"line":12,"column":4}},"6":{"start":{"line":6,"column":4},"end":{"line":6,"column":70}},"7":{"start":{"line":7,"column":4},"end":{"line":11,"column":7}},"8":{"start":{"line":8,"column":26},"end":{"line":8,"column":45}},"9":{"start":{"line":10,"column":6},"end":{"line":10,"column":58}},"10":{"start":{"line":13,"column":2},"end":{"line":13,"column":34}}},"fnMap":{"0":{"name":"getResults","decl":{"start":{"line":3,"column":26},"end":{"line":3,"column":36}},"loc":{"start":{"line":3,"column":50},"end":{"line":13,"column":1}},"line":3},"1":{"name":"(anonymous_1)","decl":{"start":{"line":5,"column":9},"end":{"line":5,"column":10}},"loc":{"start":{"line":5,"column":29},"end":{"line":12,"column":3}},"line":5},"2":{"name":"(anonymous_2)","decl":{"start":{"line":8,"column":9},"end":{"line":8,"column":10}},"loc":{"start":{"line":8,"column":25},"end":{"line":8,"column":46}},"line":8},"3":{"name":"(anonymous_3)","decl":{"start":{"line":9,"column":9},"end":{"line":9,"column":10}},"loc":{"start":{"line":9,"column":28},"end":{"line":11,"column":5}},"line":9}},"branchMap":{},"s":{"0":1,"1":1,"2":1,"3":1,"4":0,"5":0,"6":0,"7":0,"8":0,"9":0,"10":1},"f":{"0":0,"1":0,"2":0,"3":0},"b":{},"inputSourceMap":null,"_coverageSchema":"1a1c01bbd47fc00a2c39e90264f33305004495a9","hash":"16ddb788bf46a4add30e56cce83d9bf944d6ab02"}
,"/Users/geneween/Development/code/react-projects/search-newspapers-dev/SearchNewspapers/actions/users.js": {"path":"/Users/geneween/Development/code/react-projects/search-newspapers-dev/SearchNewspapers/actions/users.js","statementMap":{"0":{"start":{"line":1,"column":13},"end":{"line":1,"column":75}},"1":{"start":{"line":1,"column":75},"end":{"line":1,"column":273}},"2":{"start":{"line":1,"column":286},"end":{"line":1,"column":315}},"3":{"start":{"line":2,"column":14},"end":{"line":2,"column":41}},"4":{"start":{"line":4,"column":17},"end":{"line":21,"column":1}},"5":{"start":{"line":5,"column":18},"end":{"line":8,"column":42}},"6":{"start":{"line":10,"column":12},"end":{"line":10,"column":40}},"7":{"start":{"line":11,"column":2},"end":{"line":20,"column":4}},"8":{"start":{"line":12,"column":4},"end":{"line":12,"column":41}},"9":{"start":{"line":13,"column":4},"end":{"line":19,"column":7}},"10":{"start":{"line":14,"column":26},"end":{"line":14,"column":45}},"11":{"start":{"line":16,"column":6},"end":{"line":16,"column":60}},"12":{"start":{"line":17,"column":6},"end":{"line":17,"column":57}},"13":{"start":{"line":18,"column":6},"end":{"line":18,"column":54}},"14":{"start":{"line":21,"column":2},"end":{"line":21,"column":34}},"15":{"start":{"line":23,"column":14},"end":{"line":28,"column":1}},"16":{"start":{"line":24,"column":2},"end":{"line":26,"column":4}},"17":{"start":{"line":25,"column":4},"end":{"line":25,"column":53}},"18":{"start":{"line":28,"column":2},"end":{"line":28,"column":28}},"19":{"start":{"line":30,"column":17},"end":{"line":45,"column":1}},"20":{"start":{"line":31,"column":18},"end":{"line":33,"column":29}},"21":{"start":{"line":35,"column":12},"end":{"line":35,"column":46}},"22":{"start":{"line":36,"column":2},"end":{"line":44,"column":4}},"23":{"start":{"line":37,"column":4},"end":{"line":37,"column":43}},"24":{"start":{"line":38,"column":4},"end":{"line":38,"column":38}},"25":{"start":{"line":39,"column":4},"end":{"line":43,"column":7}},"26":{"start":{"line":40,"column":26},"end":{"line":40,"column":45}},"27":{"start":{"line":42,"column":6},"end":{"line":42,"column":24}},"28":{"start":{"line":45,"column":2},"end":{"line":45,"column":34}},"29":{"start":{"line":48,"column":15},"end":{"line":58,"column":1}},"30":{"start":{"line":49,"column":12},"end":{"line":49,"column":61}},"31":{"start":{"line":50,"column":2},"end":{"line":57,"column":4}},"32":{"start":{"line":51,"column":4},"end":{"line":51,"column":42}},"33":{"start":{"line":52,"column":4},"end":{"line":56,"column":7}},"34":{"start":{"line":53,"column":26},"end":{"line":53,"column":45}},"35":{"start":{"line":55,"column":6},"end":{"line":55,"column":52}},"36":{"start":{"line":58,"column":2},"end":{"line":58,"column":30}},"37":{"start":{"line":61,"column":15},"end":{"line":106,"column":1}},"38":{"start":{"line":62,"column":15},"end":{"line":62,"column":94}},"39":{"start":{"line":63,"column":13},"end":{"line":63,"column":28}},"40":{"start":{"line":75,"column":2},"end":{"line":75,"column":13}},"41":{"start":{"line":75,"column":29},"end":{"line":75,"column":48}},"42":{"start":{"line":75,"column":62},"end":{"line":75,"column":79}},"43":{"start":{"line":75,"column":91},"end":{"line":75,"column":106}},"44":{"start":{"line":75,"column":114},"end":{"line":75,"column":125}},"45":{"start":{"line":75,"column":134},"end":{"line":75,"column":146}},"46":{"start":{"line":75,"column":158},"end":{"line":75,"column":173}},"47":{"start":{"line":75,"column":186},"end":{"line":75,"column":202}},"48":{"start":{"line":75,"column":215},"end":{"line":75,"column":231}},"49":{"start":{"line":75,"column":239},"end":{"line":75,"column":250}},"50":{"start":{"line":76,"column":8},"end":{"line":76,"column":15}},"51":{"start":{"line":76,"column":27},"end":{"line":76,"column":39}},"52":{"start":{"line":76,"column":48},"end":{"line":76,"column":57}},"53":{"start":{"line":77,"column":13},"end":{"line":91,"column":36}},"54":{"start":{"line":88,"column":56},"end":{"line":88,"column":78}},"55":{"start":{"line":93,"column":18},"end":{"line":96,"column":32}},"56":{"start":{"line":98,"column":12},"end":{"line":98,"column":61}},"57":{"start":{"line":99,"column":2},"end":{"line":105,"column":4}},"58":{"start":{"line":100,"column":4},"end":{"line":104,"column":7}},"59":{"start":{"line":101,"column":26},"end":{"line":101,"column":45}},"60":{"start":{"line":103,"column":6},"end":{"line":103,"column":49}},"61":{"start":{"line":106,"column":2},"end":{"line":106,"column":30}},"62":{"start":{"line":108,"column":16},"end":{"line":110,"column":1}},"63":{"start":{"line":109,"column":2},"end":{"line":109,"column":74}},"64":{"start":{"line":126,"column":20},"end":{"line":130,"column":1}},"65":{"start":{"line":127,"column":2},"end":{"line":129,"column":4}},"66":{"start":{"line":128,"column":4},"end":{"line":128,"column":46}},"67":{"start":{"line":130,"column":2},"end":{"line":130,"column":40}},"68":{"start":{"line":132,"column":22},"end":{"line":136,"column":1}},"69":{"start":{"line":133,"column":2},"end":{"line":135,"column":4}},"70":{"start":{"line":134,"column":4},"end":{"line":134,"column":48}},"71":{"start":{"line":136,"column":2},"end":{"line":136,"column":44}},"72":{"start":{"line":138,"column":18},"end":{"line":157,"column":1}},"73":{"start":{"line":139,"column":13},"end":{"line":140,"column":23}},"74":{"start":{"line":142,"column":18},"end":{"line":145,"column":32}},"75":{"start":{"line":147,"column":12},"end":{"line":147,"column":61}},"76":{"start":{"line":148,"column":2},"end":{"line":156,"column":4}},"77":{"start":{"line":149,"column":4},"end":{"line":149,"column":51}},"78":{"start":{"line":150,"column":4},"end":{"line":150,"column":87}},"79":{"start":{"line":150,"column":35},"end":{"line":150,"column":84}},"80":{"start":{"line":151,"column":4},"end":{"line":155,"column":7}},"81":{"start":{"line":152,"column":26},"end":{"line":152,"column":45}},"82":{"start":{"line":154,"column":6},"end":{"line":154,"column":24}},"83":{"start":{"line":157,"column":2},"end":{"line":157,"column":36}},"84":{"start":{"line":159,"column":17},"end":{"line":175,"column":1}},"85":{"start":{"line":160,"column":13},"end":{"line":161,"column":16}},"86":{"start":{"line":163,"column":18},"end":{"line":166,"column":32}},"87":{"start":{"line":168,"column":12},"end":{"line":168,"column":71}},"88":{"start":{"line":169,"column":2},"end":{"line":174,"column":4}},"89":{"start":{"line":170,"column":4},"end":{"line":170,"column":62}},"90":{"start":{"line":171,"column":4},"end":{"line":173,"column":29}},"91":{"start":{"line":172,"column":26},"end":{"line":172,"column":45}},"92":{"start":{"line":175,"column":2},"end":{"line":175,"column":34}}},"fnMap":{"0":{"name":"createUser","decl":{"start":{"line":4,"column":26},"end":{"line":4,"column":36}},"loc":{"start":{"line":4,"column":43},"end":{"line":21,"column":1}},"line":4},"1":{"name":"(anonymous_1)","decl":{"start":{"line":11,"column":9},"end":{"line":11,"column":10}},"loc":{"start":{"line":11,"column":29},"end":{"line":20,"column":3}},"line":11},"2":{"name":"(anonymous_2)","decl":{"start":{"line":14,"column":9},"end":{"line":14,"column":10}},"loc":{"start":{"line":14,"column":25},"end":{"line":14,"column":46}},"line":14},"3":{"name":"(anonymous_3)","decl":{"start":{"line":15,"column":9},"end":{"line":15,"column":10}},"loc":{"start":{"line":15,"column":25},"end":{"line":19,"column":5}},"line":15},"4":{"name":"addUser","decl":{"start":{"line":23,"column":23},"end":{"line":23,"column":30}},"loc":{"start":{"line":23,"column":35},"end":{"line":28,"column":1}},"line":23},"5":{"name":"(anonymous_5)","decl":{"start":{"line":24,"column":9},"end":{"line":24,"column":10}},"loc":{"start":{"line":24,"column":29},"end":{"line":26,"column":3}},"line":24},"6":{"name":"deleteUser","decl":{"start":{"line":30,"column":26},"end":{"line":30,"column":36}},"loc":{"start":{"line":30,"column":41},"end":{"line":45,"column":1}},"line":30},"7":{"name":"(anonymous_7)","decl":{"start":{"line":36,"column":9},"end":{"line":36,"column":10}},"loc":{"start":{"line":36,"column":29},"end":{"line":44,"column":3}},"line":36},"8":{"name":"(anonymous_8)","decl":{"start":{"line":40,"column":9},"end":{"line":40,"column":10}},"loc":{"start":{"line":40,"column":25},"end":{"line":40,"column":46}},"line":40},"9":{"name":"(anonymous_9)","decl":{"start":{"line":41,"column":9},"end":{"line":41,"column":10}},"loc":{"start":{"line":41,"column":25},"end":{"line":43,"column":5}},"line":41},"10":{"name":"getPages","decl":{"start":{"line":48,"column":24},"end":{"line":48,"column":32}},"loc":{"start":{"line":48,"column":41},"end":{"line":58,"column":1}},"line":48},"11":{"name":"(anonymous_11)","decl":{"start":{"line":50,"column":9},"end":{"line":50,"column":10}},"loc":{"start":{"line":50,"column":29},"end":{"line":57,"column":3}},"line":50},"12":{"name":"(anonymous_12)","decl":{"start":{"line":53,"column":9},"end":{"line":53,"column":10}},"loc":{"start":{"line":53,"column":25},"end":{"line":53,"column":46}},"line":53},"13":{"name":"(anonymous_13)","decl":{"start":{"line":54,"column":9},"end":{"line":54,"column":10}},"loc":{"start":{"line":54,"column":26},"end":{"line":56,"column":5}},"line":54},"14":{"name":"savePage","decl":{"start":{"line":61,"column":24},"end":{"line":61,"column":32}},"loc":{"start":{"line":61,"column":54},"end":{"line":106,"column":1}},"line":61},"15":{"name":"(anonymous_15)","decl":{"start":{"line":88,"column":39},"end":{"line":88,"column":40}},"loc":{"start":{"line":88,"column":55},"end":{"line":88,"column":79}},"line":88},"16":{"name":"(anonymous_16)","decl":{"start":{"line":99,"column":9},"end":{"line":99,"column":10}},"loc":{"start":{"line":99,"column":29},"end":{"line":105,"column":3}},"line":99},"17":{"name":"(anonymous_17)","decl":{"start":{"line":101,"column":9},"end":{"line":101,"column":10}},"loc":{"start":{"line":101,"column":25},"end":{"line":101,"column":46}},"line":101},"18":{"name":"(anonymous_18)","decl":{"start":{"line":102,"column":9},"end":{"line":102,"column":10}},"loc":{"start":{"line":102,"column":25},"end":{"line":104,"column":5}},"line":102},"19":{"name":"buildNote","decl":{"start":{"line":108,"column":25},"end":{"line":108,"column":34}},"loc":{"start":{"line":108,"column":41},"end":{"line":110,"column":1}},"line":108},"20":{"name":"selectPageDel","decl":{"start":{"line":126,"column":29},"end":{"line":126,"column":42}},"loc":{"start":{"line":126,"column":47},"end":{"line":130,"column":1}},"line":126},"21":{"name":"(anonymous_21)","decl":{"start":{"line":127,"column":9},"end":{"line":127,"column":10}},"loc":{"start":{"line":127,"column":29},"end":{"line":129,"column":3}},"line":127},"22":{"name":"deselectPageDel","decl":{"start":{"line":132,"column":31},"end":{"line":132,"column":46}},"loc":{"start":{"line":132,"column":51},"end":{"line":136,"column":1}},"line":132},"23":{"name":"(anonymous_23)","decl":{"start":{"line":133,"column":9},"end":{"line":133,"column":10}},"loc":{"start":{"line":133,"column":29},"end":{"line":135,"column":3}},"line":133},"24":{"name":"deletePages","decl":{"start":{"line":138,"column":27},"end":{"line":138,"column":38}},"loc":{"start":{"line":138,"column":56},"end":{"line":157,"column":1}},"line":138},"25":{"name":"(anonymous_25)","decl":{"start":{"line":148,"column":9},"end":{"line":148,"column":10}},"loc":{"start":{"line":148,"column":29},"end":{"line":156,"column":3}},"line":148},"26":{"name":"(anonymous_26)","decl":{"start":{"line":150,"column":20},"end":{"line":150,"column":21}},"loc":{"start":{"line":150,"column":34},"end":{"line":150,"column":85}},"line":150},"27":{"name":"(anonymous_27)","decl":{"start":{"line":152,"column":9},"end":{"line":152,"column":10}},"loc":{"start":{"line":152,"column":25},"end":{"line":152,"column":46}},"line":152},"28":{"name":"(anonymous_28)","decl":{"start":{"line":153,"column":9},"end":{"line":153,"column":10}},"loc":{"start":{"line":153,"column":25},"end":{"line":155,"column":5}},"line":153},"29":{"name":"renamePage","decl":{"start":{"line":159,"column":26},"end":{"line":159,"column":36}},"loc":{"start":{"line":159,"column":59},"end":{"line":175,"column":1}},"line":159},"30":{"name":"(anonymous_30)","decl":{"start":{"line":169,"column":9},"end":{"line":169,"column":10}},"loc":{"start":{"line":169,"column":29},"end":{"line":174,"column":3}},"line":169},"31":{"name":"(anonymous_31)","decl":{"start":{"line":172,"column":9},"end":{"line":172,"column":10}},"loc":{"start":{"line":172,"column":25},"end":{"line":172,"column":46}},"line":172},"32":{"name":"(anonymous_32)","decl":{"start":{"line":173,"column":9},"end":{"line":173,"column":10}},"loc":{"start":{"line":173,"column":25},"end":{"line":173,"column":27}},"line":173}},"branchMap":{"0":{"loc":{"start":{"line":109,"column":9},"end":{"line":109,"column":73}},"type":"cond-expr","locations":[{"start":{"line":109,"column":36},"end":{"line":109,"column":66}},{"start":{"line":109,"column":69},"end":{"line":109,"column":73}}],"line":109}},"s":{"0":1,"1":1,"2":1,"3":1,"4":1,"5":0,"6":0,"7":0,"8":0,"9":0,"10":0,"11":0,"12":0,"13":0,"14":1,"15":1,"16":0,"17":0,"18":1,"19":1,"20":0,"21":0,"22":0,"23":0,"24":0,"25":0,"26":0,"27":0,"28":1,"29":1,"30":0,"31":0,"32":0,"33":0,"34":0,"35":0,"36":1,"37":1,"38":0,"39":0,"40":0,"41":0,"42":0,"43":0,"44":0,"45":0,"46":0,"47":0,"48":0,"49":0,"50":0,"51":0,"52":0,"53":0,"54":0,"55":0,"56":0,"57":0,"58":0,"59":0,"60":0,"61":1,"62":1,"63":0,"64":1,"65":0,"66":0,"67":1,"68":1,"69":0,"70":0,"71":1,"72":1,"73":0,"74":0,"75":0,"76":0,"77":0,"78":0,"79":0,"80":0,"81":0,"82":0,"83":1,"84":1,"85":0,"86":0,"87":0,"88":0,"89":0,"90":0,"91":0,"92":1},"f":{"0":0,"1":0,"2":0,"3":0,"4":0,"5":0,"6":0,"7":0,"8":0,"9":0,"10":0,"11":0,"12":0,"13":0,"14":0,"15":0,"16":0,"17":0,"18":0,"19":0,"20":0,"21":0,"22":0,"23":0,"24":0,"25":0,"26":0,"27":0,"28":0,"29":0,"30":0,"31":0,"32":0},"b":{"0":[0,0]},"inputSourceMap":null,"_coverageSchema":"1a1c01bbd47fc00a2c39e90264f33305004495a9","hash":"5219162b24d8c5d43382fbcbd96955f974914273"}
,"/Users/geneween/Development/code/react-projects/search-newspapers-dev/SearchNewspapers/assets/journo.jpg": {"path":"/Users/geneween/Development/code/react-projects/search-newspapers-dev/SearchNewspapers/assets/journo.jpg","statementMap":{"0":{"start":{"line":1,"column":0},"end":{"line":4,"column":6}}},"fnMap":{},"branchMap":{},"s":{"0":1},"f":{},"b":{},"inputSourceMap":null,"_coverageSchema":"1a1c01bbd47fc00a2c39e90264f33305004495a9","hash":"672cdb61ebf7c13d46b91acf6a704d47bd018a83"}
,"/Users/geneween/Development/code/react-projects/search-newspapers-dev/SearchNewspapers/components/home/CreateUser.js": {"path":"/Users/geneween/Development/code/react-projects/search-newspapers-dev/SearchNewspapers/components/home/CreateUser.js","statementMap":{"0":{"start":{"line":1,"column":42},"end":{"line":1,"column":97}},"1":{"start":{"line":1,"column":98},"end":{"line":1,"column":160}},"2":{"start":{"line":1,"column":160},"end":{"line":1,"column":185}},"3":{"start":{"line":1,"column":208},"end":{"line":1,"column":280}},"4":{"start":{"line":1,"column":301},"end":{"line":1,"column":370}},"5":{"start":{"line":1,"column":388},"end":{"line":1,"column":454}},"6":{"start":{"line":1,"column":489},"end":{"line":1,"column":572}},"7":{"start":{"line":1,"column":596},"end":{"line":1,"column":668}},"8":{"start":{"line":1,"column":682},"end":{"line":1,"column":722}},"9":{"start":{"line":2,"column":18},"end":{"line":2,"column":40}},"10":{"start":{"line":3,"column":19},"end":{"line":3,"column":42}},"11":{"start":{"line":4,"column":20},"end":{"line":4,"column":80}},"12":{"start":{"line":5,"column":13},"end":{"line":5,"column":43}},"13":{"start":{"line":5,"column":63},"end":{"line":5,"column":181}},"14":{"start":{"line":5,"column":246},"end":{"line":5,"column":273}},"15":{"start":{"line":5,"column":274},"end":{"line":5,"column":635}},"16":{"start":{"line":5,"column":326},"end":{"line":5,"column":364}},"17":{"start":{"line":5,"column":372},"end":{"line":5,"column":571}},"18":{"start":{"line":5,"column":420},"end":{"line":5,"column":467}},"19":{"start":{"line":5,"column":468},"end":{"line":5,"column":524}},"20":{"start":{"line":5,"column":532},"end":{"line":5,"column":570}},"21":{"start":{"line":5,"column":571},"end":{"line":5,"column":633}},"22":{"start":{"line":5,"column":674},"end":{"line":5,"column":745}},"23":{"start":{"line":5,"column":732},"end":{"line":5,"column":745}},"24":{"start":{"line":5,"column":745},"end":{"line":5,"column":786}},"25":{"start":{"line":5,"column":773},"end":{"line":5,"column":786}},"26":{"start":{"line":5,"column":786},"end":{"line":5,"column":831}},"27":{"start":{"line":5,"column":819},"end":{"line":5,"column":831}},"28":{"start":{"line":5,"column":831},"end":{"line":5,"column":949}},"29":{"start":{"line":5,"column":836},"end":{"line":5,"column":910}},"30":{"start":{"line":5,"column":910},"end":{"line":5,"column":922}},"31":{"start":{"line":5,"column":935},"end":{"line":5,"column":948}},"32":{"start":{"line":7,"column":13},"end":{"line":45,"column":55}},"33":{"start":{"line":7,"column":42},"end":{"line":7,"column":96}},"34":{"start":{"line":7,"column":109},"end":{"line":7,"column":133}},"35":{"start":{"line":8,"column":35},"end":{"line":8,"column":83}},"36":{"start":{"line":9,"column":4},"end":{"line":9,"column":30}},"37":{"start":{"line":9,"column":30},"end":{"line":17,"column":6}},"38":{"start":{"line":16,"column":6},"end":{"line":16,"column":47}},"39":{"start":{"line":17,"column":6},"end":{"line":23,"column":6}},"40":{"start":{"line":20,"column":6},"end":{"line":21,"column":36}},"41":{"start":{"line":23,"column":6},"end":{"line":23,"column":33}},"42":{"start":{"line":23,"column":33},"end":{"line":23,"column":46}},"43":{"start":{"line":23,"column":47},"end":{"line":45,"column":10}},"44":{"start":{"line":26,"column":6},"end":{"line":42,"column":258}},"45":{"start":{"line":45,"column":10},"end":{"line":45,"column":28}},"46":{"start":{"line":48,"column":25},"end":{"line":52,"column":1}},"47":{"start":{"line":49,"column":2},"end":{"line":50,"column":93}},"48":{"start":{"line":50,"column":43},"end":{"line":50,"column":89}},"49":{"start":{"line":54,"column":0},"end":{"line":54,"column":62}},"50":{"start":{"line":54,"column":63},"end":{"line":54,"column":90}},"51":{"start":{"line":56,"column":13},"end":{"line":95,"column":22}}},"fnMap":{"0":{"name":"_createSuper","decl":{"start":{"line":5,"column":191},"end":{"line":5,"column":203}},"loc":{"start":{"line":5,"column":213},"end":{"line":5,"column":636}},"line":5},"1":{"name":"_createSuperInternal","decl":{"start":{"line":5,"column":290},"end":{"line":5,"column":310}},"loc":{"start":{"line":5,"column":313},"end":{"line":5,"column":634}},"line":5},"2":{"name":"_isNativeReflectConstruct","decl":{"start":{"line":5,"column":645},"end":{"line":5,"column":670}},"loc":{"start":{"line":5,"column":673},"end":{"line":5,"column":950}},"line":5},"3":{"name":"(anonymous_3)","decl":{"start":{"line":5,"column":893},"end":{"line":5,"column":894}},"loc":{"start":{"line":5,"column":905},"end":{"line":5,"column":907}},"line":5},"4":{"name":"(anonymous_4)","decl":{"start":{"line":7,"column":13},"end":{"line":7,"column":14}},"loc":{"start":{"line":7,"column":41},"end":{"line":45,"column":29}},"line":7},"5":{"name":"CreateUser","decl":{"start":{"line":8,"column":11},"end":{"line":8,"column":21}},"loc":{"start":{"line":8,"column":24},"end":{"line":23,"column":47}},"line":8},"6":{"name":"(anonymous_6)","decl":{"start":{"line":15,"column":18},"end":{"line":15,"column":19}},"loc":{"start":{"line":15,"column":30},"end":{"line":17,"column":5}},"line":15},"7":{"name":"(anonymous_7)","decl":{"start":{"line":19,"column":19},"end":{"line":19,"column":20}},"loc":{"start":{"line":19,"column":32},"end":{"line":23,"column":5}},"line":19},"8":{"name":"render","decl":{"start":{"line":23,"column":120},"end":{"line":23,"column":126}},"loc":{"start":{"line":25,"column":4},"end":{"line":45,"column":5}},"line":25},"9":{"name":"mapDispatchToProps","decl":{"start":{"line":48,"column":34},"end":{"line":48,"column":52}},"loc":{"start":{"line":48,"column":63},"end":{"line":52,"column":1}},"line":48},"10":{"name":"createUser","decl":{"start":{"line":50,"column":25},"end":{"line":50,"column":35}},"loc":{"start":{"line":50,"column":42},"end":{"line":50,"column":90}},"line":50}},"branchMap":{"0":{"loc":{"start":{"line":5,"column":372},"end":{"line":5,"column":571}},"type":"if","locations":[{"start":{"line":5,"column":372},"end":{"line":5,"column":571}},{"start":{"line":5,"column":372},"end":{"line":5,"column":571}}],"line":5},"1":{"loc":{"start":{"line":5,"column":674},"end":{"line":5,"column":745}},"type":"if","locations":[{"start":{"line":5,"column":674},"end":{"line":5,"column":745}},{"start":{"line":5,"column":674},"end":{"line":5,"column":745}}],"line":5},"2":{"loc":{"start":{"line":5,"column":678},"end":{"line":5,"column":730}},"type":"binary-expr","locations":[{"start":{"line":5,"column":678},"end":{"line":5,"column":708}},{"start":{"line":5,"column":712},"end":{"line":5,"column":730}}],"line":5},"3":{"loc":{"start":{"line":5,"column":745},"end":{"line":5,"column":786}},"type":"if","locations":[{"start":{"line":5,"column":745},"end":{"line":5,"column":786}},{"start":{"line":5,"column":745},"end":{"line":5,"column":786}}],"line":5},"4":{"loc":{"start":{"line":5,"column":786},"end":{"line":5,"column":831}},"type":"if","locations":[{"start":{"line":5,"column":786},"end":{"line":5,"column":831}},{"start":{"line":5,"column":786},"end":{"line":5,"column":831}}],"line":5}},"s":{"0":1,"1":1,"2":1,"3":1,"4":1,"5":1,"6":1,"7":1,"8":1,"9":1,"10":1,"11":1,"12":1,"13":1,"14":1,"15":1,"16":0,"17":0,"18":0,"19":0,"20":0,"21":0,"22":1,"23":0,"24":1,"25":0,"26":1,"27":1,"28":0,"29":0,"30":0,"31":0,"32":1,"33":1,"34":1,"35":0,"36":0,"37":0,"38":0,"39":0,"40":0,"41":0,"42":0,"43":1,"44":0,"45":1,"46":1,"47":0,"48":0,"49":1,"50":1,"51":1},"f":{"0":1,"1":0,"2":1,"3":0,"4":1,"5":0,"6":0,"7":0,"8":0,"9":0,"10":0},"b":{"0":[0,0],"1":[0,1],"2":[1,1],"3":[0,1],"4":[1,0]},"inputSourceMap":null,"_coverageSchema":"1a1c01bbd47fc00a2c39e90264f33305004495a9","hash":"e7f79691f2f6c701ffe83c47512d6ba05d68d2ac"}
,"/Users/geneween/Development/code/react-projects/search-newspapers-dev/SearchNewspapers/components/home/Home.js": {"path":"/Users/geneween/Development/code/react-projects/search-newspapers-dev/SearchNewspapers/components/home/Home.js","statementMap":{"0":{"start":{"line":1,"column":42},"end":{"line":1,"column":97}},"1":{"start":{"line":1,"column":98},"end":{"line":1,"column":160}},"2":{"start":{"line":1,"column":160},"end":{"line":1,"column":185}},"3":{"start":{"line":1,"column":208},"end":{"line":1,"column":280}},"4":{"start":{"line":1,"column":301},"end":{"line":1,"column":370}},"5":{"start":{"line":1,"column":388},"end":{"line":1,"column":454}},"6":{"start":{"line":1,"column":489},"end":{"line":1,"column":572}},"7":{"start":{"line":1,"column":596},"end":{"line":1,"column":668}},"8":{"start":{"line":1,"column":682},"end":{"line":1,"column":722}},"9":{"start":{"line":2,"column":18},"end":{"line":2,"column":40}},"10":{"start":{"line":3,"column":19},"end":{"line":3,"column":42}},"11":{"start":{"line":4,"column":18},"end":{"line":4,"column":65}},"12":{"start":{"line":5,"column":18},"end":{"line":5,"column":65}},"13":{"start":{"line":6,"column":13},"end":{"line":6,"column":43}},"14":{"start":{"line":7,"column":13},"end":{"line":7,"column":43}},"15":{"start":{"line":7,"column":63},"end":{"line":7,"column":175}},"16":{"start":{"line":7,"column":240},"end":{"line":7,"column":267}},"17":{"start":{"line":7,"column":268},"end":{"line":7,"column":629}},"18":{"start":{"line":7,"column":320},"end":{"line":7,"column":358}},"19":{"start":{"line":7,"column":366},"end":{"line":7,"column":565}},"20":{"start":{"line":7,"column":414},"end":{"line":7,"column":461}},"21":{"start":{"line":7,"column":462},"end":{"line":7,"column":518}},"22":{"start":{"line":7,"column":526},"end":{"line":7,"column":564}},"23":{"start":{"line":7,"column":565},"end":{"line":7,"column":627}},"24":{"start":{"line":7,"column":668},"end":{"line":7,"column":739}},"25":{"start":{"line":7,"column":726},"end":{"line":7,"column":739}},"26":{"start":{"line":7,"column":739},"end":{"line":7,"column":780}},"27":{"start":{"line":7,"column":767},"end":{"line":7,"column":780}},"28":{"start":{"line":7,"column":780},"end":{"line":7,"column":825}},"29":{"start":{"line":7,"column":813},"end":{"line":7,"column":825}},"30":{"start":{"line":7,"column":825},"end":{"line":7,"column":943}},"31":{"start":{"line":7,"column":830},"end":{"line":7,"column":904}},"32":{"start":{"line":7,"column":904},"end":{"line":7,"column":916}},"33":{"start":{"line":7,"column":929},"end":{"line":7,"column":942}},"34":{"start":{"line":9,"column":7},"end":{"line":27,"column":49}},"35":{"start":{"line":9,"column":36},"end":{"line":9,"column":84}},"36":{"start":{"line":9,"column":97},"end":{"line":9,"column":115}},"37":{"start":{"line":9,"column":133},"end":{"line":9,"column":175}},"38":{"start":{"line":9,"column":175},"end":{"line":9,"column":212}},"39":{"start":{"line":9,"column":213},"end":{"line":27,"column":10}},"40":{"start":{"line":12,"column":6},"end":{"line":12,"column":61}},"41":{"start":{"line":16,"column":6},"end":{"line":24,"column":147}},"42":{"start":{"line":27,"column":10},"end":{"line":27,"column":22}},"43":{"start":{"line":30,"column":22},"end":{"line":34,"column":1}},"44":{"start":{"line":31,"column":2},"end":{"line":32,"column":23}},"45":{"start":{"line":36,"column":25},"end":{"line":40,"column":1}},"46":{"start":{"line":37,"column":2},"end":{"line":38,"column":80}},"47":{"start":{"line":38,"column":35},"end":{"line":38,"column":76}},"48":{"start":{"line":42,"column":0},"end":{"line":42,"column":67}},"49":{"start":{"line":42,"column":68},"end":{"line":42,"column":95}},"50":{"start":{"line":44,"column":13},"end":{"line":55,"column":16}}},"fnMap":{"0":{"name":"_createSuper","decl":{"start":{"line":7,"column":185},"end":{"line":7,"column":197}},"loc":{"start":{"line":7,"column":207},"end":{"line":7,"column":630}},"line":7},"1":{"name":"_createSuperInternal","decl":{"start":{"line":7,"column":284},"end":{"line":7,"column":304}},"loc":{"start":{"line":7,"column":307},"end":{"line":7,"column":628}},"line":7},"2":{"name":"_isNativeReflectConstruct","decl":{"start":{"line":7,"column":639},"end":{"line":7,"column":664}},"loc":{"start":{"line":7,"column":667},"end":{"line":7,"column":944}},"line":7},"3":{"name":"(anonymous_3)","decl":{"start":{"line":7,"column":887},"end":{"line":7,"column":888}},"loc":{"start":{"line":7,"column":899},"end":{"line":7,"column":901}},"line":7},"4":{"name":"(anonymous_4)","decl":{"start":{"line":9,"column":7},"end":{"line":9,"column":8}},"loc":{"start":{"line":9,"column":35},"end":{"line":27,"column":23}},"line":9},"5":{"name":"Home","decl":{"start":{"line":9,"column":125},"end":{"line":9,"column":129}},"loc":{"start":{"line":9,"column":132},"end":{"line":9,"column":213}},"line":9},"6":{"name":"componentDidMount","decl":{"start":{"line":9,"column":291},"end":{"line":9,"column":308}},"loc":{"start":{"line":11,"column":4},"end":{"line":13,"column":5}},"line":11},"7":{"name":"render","decl":{"start":{"line":13,"column":42},"end":{"line":13,"column":48}},"loc":{"start":{"line":15,"column":4},"end":{"line":27,"column":5}},"line":15},"8":{"name":"mapStateToProps","decl":{"start":{"line":30,"column":31},"end":{"line":30,"column":46}},"loc":{"start":{"line":30,"column":54},"end":{"line":34,"column":1}},"line":30},"9":{"name":"mapDispatchToProps","decl":{"start":{"line":36,"column":34},"end":{"line":36,"column":52}},"loc":{"start":{"line":36,"column":63},"end":{"line":40,"column":1}},"line":36},"10":{"name":"addUser","decl":{"start":{"line":38,"column":22},"end":{"line":38,"column":29}},"loc":{"start":{"line":38,"column":34},"end":{"line":38,"column":77}},"line":38}},"branchMap":{"0":{"loc":{"start":{"line":7,"column":366},"end":{"line":7,"column":565}},"type":"if","locations":[{"start":{"line":7,"column":366},"end":{"line":7,"column":565}},{"start":{"line":7,"column":366},"end":{"line":7,"column":565}}],"line":7},"1":{"loc":{"start":{"line":7,"column":668},"end":{"line":7,"column":739}},"type":"if","locations":[{"start":{"line":7,"column":668},"end":{"line":7,"column":739}},{"start":{"line":7,"column":668},"end":{"line":7,"column":739}}],"line":7},"2":{"loc":{"start":{"line":7,"column":672},"end":{"line":7,"column":724}},"type":"binary-expr","locations":[{"start":{"line":7,"column":672},"end":{"line":7,"column":702}},{"start":{"line":7,"column":706},"end":{"line":7,"column":724}}],"line":7},"3":{"loc":{"start":{"line":7,"column":739},"end":{"line":7,"column":780}},"type":"if","locations":[{"start":{"line":7,"column":739},"end":{"line":7,"column":780}},{"start":{"line":7,"column":739},"end":{"line":7,"column":780}}],"line":7},"4":{"loc":{"start":{"line":7,"column":780},"end":{"line":7,"column":825}},"type":"if","locations":[{"start":{"line":7,"column":780},"end":{"line":7,"column":825}},{"start":{"line":7,"column":780},"end":{"line":7,"column":825}}],"line":7},"5":{"loc":{"start":{"line":21,"column":6},"end":{"line":24,"column":145}},"type":"cond-expr","locations":[{"start":{"line":22,"column":6},"end":{"line":22,"column":145}},{"start":{"line":24,"column":6},"end":{"line":24,"column":145}}],"line":21}},"s":{"0":1,"1":1,"2":1,"3":1,"4":1,"5":1,"6":1,"7":1,"8":1,"9":1,"10":1,"11":1,"12":1,"13":1,"14":1,"15":1,"16":1,"17":1,"18":1,"19":1,"20":1,"21":1,"22":0,"23":1,"24":1,"25":0,"26":1,"27":0,"28":1,"29":1,"30":0,"31":0,"32":0,"33":0,"34":1,"35":1,"36":1,"37":1,"38":1,"39":1,"40":1,"41":1,"42":1,"43":1,"44":1,"45":1,"46":1,"47":0,"48":1,"49":1,"50":1},"f":{"0":1,"1":1,"2":1,"3":0,"4":1,"5":1,"6":1,"7":1,"8":1,"9":1,"10":0},"b":{"0":[1,0],"1":[0,1],"2":[1,1],"3":[0,1],"4":[1,0],"5":[1,0]},"inputSourceMap":null,"_coverageSchema":"1a1c01bbd47fc00a2c39e90264f33305004495a9","hash":"13e9d8a4c347849adb67f9510cd039e089f1941c"}
,"/Users/geneween/Development/code/react-projects/search-newspapers-dev/SearchNewspapers/components/home/SearchForm.js": {"path":"/Users/geneween/Development/code/react-projects/search-newspapers-dev/SearchNewspapers/components/home/SearchForm.js","statementMap":{"0":{"start":{"line":1,"column":42},"end":{"line":1,"column":97}},"1":{"start":{"line":1,"column":98},"end":{"line":1,"column":160}},"2":{"start":{"line":1,"column":160},"end":{"line":1,"column":185}},"3":{"start":{"line":1,"column":208},"end":{"line":1,"column":280}},"4":{"start":{"line":1,"column":301},"end":{"line":1,"column":370}},"5":{"start":{"line":1,"column":388},"end":{"line":1,"column":454}},"6":{"start":{"line":1,"column":489},"end":{"line":1,"column":572}},"7":{"start":{"line":1,"column":596},"end":{"line":1,"column":668}},"8":{"start":{"line":1,"column":682},"end":{"line":1,"column":722}},"9":{"start":{"line":2,"column":19},"end":{"line":2,"column":42}},"10":{"start":{"line":3,"column":18},"end":{"line":3,"column":40}},"11":{"start":{"line":4,"column":25},"end":{"line":4,"column":55}},"12":{"start":{"line":5,"column":15},"end":{"line":5,"column":47}},"13":{"start":{"line":6,"column":12},"end":{"line":6,"column":64}},"14":{"start":{"line":7,"column":20},"end":{"line":7,"column":80}},"15":{"start":{"line":7,"column":100},"end":{"line":7,"column":218}},"16":{"start":{"line":7,"column":283},"end":{"line":7,"column":310}},"17":{"start":{"line":7,"column":311},"end":{"line":7,"column":672}},"18":{"start":{"line":7,"column":363},"end":{"line":7,"column":401}},"19":{"start":{"line":7,"column":409},"end":{"line":7,"column":608}},"20":{"start":{"line":7,"column":457},"end":{"line":7,"column":504}},"21":{"start":{"line":7,"column":505},"end":{"line":7,"column":561}},"22":{"start":{"line":7,"column":569},"end":{"line":7,"column":607}},"23":{"start":{"line":7,"column":608},"end":{"line":7,"column":670}},"24":{"start":{"line":7,"column":711},"end":{"line":7,"column":782}},"25":{"start":{"line":7,"column":769},"end":{"line":7,"column":782}},"26":{"start":{"line":7,"column":782},"end":{"line":7,"column":823}},"27":{"start":{"line":7,"column":810},"end":{"line":7,"column":823}},"28":{"start":{"line":7,"column":823},"end":{"line":7,"column":868}},"29":{"start":{"line":7,"column":856},"end":{"line":7,"column":868}},"30":{"start":{"line":7,"column":868},"end":{"line":7,"column":986}},"31":{"start":{"line":7,"column":873},"end":{"line":7,"column":947}},"32":{"start":{"line":7,"column":947},"end":{"line":7,"column":959}},"33":{"start":{"line":7,"column":972},"end":{"line":7,"column":985}},"34":{"start":{"line":9,"column":13},"end":{"line":44,"column":55}},"35":{"start":{"line":9,"column":42},"end":{"line":9,"column":96}},"36":{"start":{"line":9,"column":109},"end":{"line":9,"column":133}},"37":{"start":{"line":10,"column":40},"end":{"line":10,"column":88}},"38":{"start":{"line":11,"column":4},"end":{"line":11,"column":37}},"39":{"start":{"line":11,"column":37},"end":{"line":22,"column":6}},"40":{"start":{"line":19,"column":6},"end":{"line":20,"column":37}},"41":{"start":{"line":22,"column":6},"end":{"line":27,"column":6}},"42":{"start":{"line":25,"column":6},"end":{"line":25,"column":51}},"43":{"start":{"line":26,"column":6},"end":{"line":26,"column":43}},"44":{"start":{"line":27,"column":6},"end":{"line":27,"column":43}},"45":{"start":{"line":27,"column":43},"end":{"line":27,"column":56}},"46":{"start":{"line":27,"column":57},"end":{"line":44,"column":10}},"47":{"start":{"line":30,"column":6},"end":{"line":41,"column":250}},"48":{"start":{"line":44,"column":10},"end":{"line":44,"column":28}},"49":{"start":{"line":47,"column":22},"end":{"line":51,"column":1}},"50":{"start":{"line":48,"column":2},"end":{"line":49,"column":25}},"51":{"start":{"line":53,"column":25},"end":{"line":57,"column":1}},"52":{"start":{"line":54,"column":2},"end":{"line":55,"column":109}},"53":{"start":{"line":55,"column":50},"end":{"line":55,"column":105}},"54":{"start":{"line":59,"column":27},"end":{"line":59,"column":73}},"55":{"start":{"line":61,"column":0},"end":{"line":61,"column":83}},"56":{"start":{"line":61,"column":84},"end":{"line":61,"column":111}},"57":{"start":{"line":63,"column":13},"end":{"line":95,"column":28}}},"fnMap":{"0":{"name":"_createSuper","decl":{"start":{"line":7,"column":228},"end":{"line":7,"column":240}},"loc":{"start":{"line":7,"column":250},"end":{"line":7,"column":673}},"line":7},"1":{"name":"_createSuperInternal","decl":{"start":{"line":7,"column":327},"end":{"line":7,"column":347}},"loc":{"start":{"line":7,"column":350},"end":{"line":7,"column":671}},"line":7},"2":{"name":"_isNativeReflectConstruct","decl":{"start":{"line":7,"column":682},"end":{"line":7,"column":707}},"loc":{"start":{"line":7,"column":710},"end":{"line":7,"column":987}},"line":7},"3":{"name":"(anonymous_3)","decl":{"start":{"line":7,"column":930},"end":{"line":7,"column":931}},"loc":{"start":{"line":7,"column":942},"end":{"line":7,"column":944}},"line":7},"4":{"name":"(anonymous_4)","decl":{"start":{"line":9,"column":13},"end":{"line":9,"column":14}},"loc":{"start":{"line":9,"column":41},"end":{"line":44,"column":29}},"line":9},"5":{"name":"SearchForm","decl":{"start":{"line":10,"column":11},"end":{"line":10,"column":21}},"loc":{"start":{"line":10,"column":29},"end":{"line":27,"column":57}},"line":10},"6":{"name":"(anonymous_6)","decl":{"start":{"line":18,"column":19},"end":{"line":18,"column":20}},"loc":{"start":{"line":18,"column":32},"end":{"line":22,"column":5}},"line":18},"7":{"name":"(anonymous_7)","decl":{"start":{"line":24,"column":18},"end":{"line":24,"column":19}},"loc":{"start":{"line":24,"column":30},"end":{"line":27,"column":5}},"line":24},"8":{"name":"render","decl":{"start":{"line":27,"column":130},"end":{"line":27,"column":136}},"loc":{"start":{"line":29,"column":4},"end":{"line":44,"column":5}},"line":29},"9":{"name":"mapStateToProps","decl":{"start":{"line":47,"column":31},"end":{"line":47,"column":46}},"loc":{"start":{"line":47,"column":54},"end":{"line":51,"column":1}},"line":47},"10":{"name":"mapDispatchToProps","decl":{"start":{"line":53,"column":34},"end":{"line":53,"column":52}},"loc":{"start":{"line":53,"column":63},"end":{"line":57,"column":1}},"line":53},"11":{"name":"getResults","decl":{"start":{"line":55,"column":25},"end":{"line":55,"column":35}},"loc":{"start":{"line":55,"column":49},"end":{"line":55,"column":106}},"line":55}},"branchMap":{"0":{"loc":{"start":{"line":7,"column":409},"end":{"line":7,"column":608}},"type":"if","locations":[{"start":{"line":7,"column":409},"end":{"line":7,"column":608}},{"start":{"line":7,"column":409},"end":{"line":7,"column":608}}],"line":7},"1":{"loc":{"start":{"line":7,"column":711},"end":{"line":7,"column":782}},"type":"if","locations":[{"start":{"line":7,"column":711},"end":{"line":7,"column":782}},{"start":{"line":7,"column":711},"end":{"line":7,"column":782}}],"line":7},"2":{"loc":{"start":{"line":7,"column":715},"end":{"line":7,"column":767}},"type":"binary-expr","locations":[{"start":{"line":7,"column":715},"end":{"line":7,"column":745}},{"start":{"line":7,"column":749},"end":{"line":7,"column":767}}],"line":7},"3":{"loc":{"start":{"line":7,"column":782},"end":{"line":7,"column":823}},"type":"if","locations":[{"start":{"line":7,"column":782},"end":{"line":7,"column":823}},{"start":{"line":7,"column":782},"end":{"line":7,"column":823}}],"line":7},"4":{"loc":{"start":{"line":7,"column":823},"end":{"line":7,"column":868}},"type":"if","locations":[{"start":{"line":7,"column":823},"end":{"line":7,"column":868}},{"start":{"line":7,"column":823},"end":{"line":7,"column":868}}],"line":7}},"s":{"0":1,"1":1,"2":1,"3":1,"4":1,"5":1,"6":1,"7":1,"8":1,"9":1,"10":1,"11":1,"12":1,"13":1,"14":1,"15":1,"16":1,"17":1,"18":1,"19":1,"20":1,"21":1,"22":0,"23":1,"24":1,"25":0,"26":1,"27":0,"28":1,"29":1,"30":0,"31":0,"32":0,"33":0,"34":1,"35":1,"36":1,"37":1,"38":1,"39":1,"40":0,"41":1,"42":0,"43":0,"44":1,"45":1,"46":1,"47":1,"48":1,"49":1,"50":1,"51":1,"52":1,"53":0,"54":1,"55":1,"56":1,"57":1},"f":{"0":1,"1":1,"2":1,"3":0,"4":1,"5":1,"6":0,"7":0,"8":1,"9":1,"10":1,"11":0},"b":{"0":[1,0],"1":[0,1],"2":[1,1],"3":[0,1],"4":[1,0]},"inputSourceMap":null,"_coverageSchema":"1a1c01bbd47fc00a2c39e90264f33305004495a9","hash":"de65fa4ca1cec7d9cb8176d960b6a98547d31a96"}
,"/Users/geneween/Development/code/react-projects/search-newspapers-dev/SearchNewspapers/components/templates/Link.js": {"path":"/Users/geneween/Development/code/react-projects/search-newspapers-dev/SearchNewspapers/components/templates/Link.js","statementMap":{"0":{"start":{"line":1,"column":42},"end":{"line":1,"column":97}},"1":{"start":{"line":1,"column":128},"end":{"line":1,"column":184}},"2":{"start":{"line":1,"column":185},"end":{"line":1,"column":247}},"3":{"start":{"line":1,"column":247},"end":{"line":1,"column":272}},"4":{"start":{"line":1,"column":291},"end":{"line":1,"column":352}},"5":{"start":{"line":1,"column":366},"end":{"line":1,"column":407}},"6":{"start":{"line":2,"column":19},"end":{"line":2,"column":42}},"7":{"start":{"line":2,"column":55},"end":{"line":2,"column":59}},"8":{"start":{"line":2,"column":75},"end":{"line":2,"column":192}},"9":{"start":{"line":4,"column":11},"end":{"line":21,"column":1}},"10":{"start":{"line":4,"column":42},"end":{"line":4,"column":50}},"11":{"start":{"line":4,"column":58},"end":{"line":4,"column":67}},"12":{"start":{"line":6,"column":20},"end":{"line":16,"column":8}},"13":{"start":{"line":6,"column":78},"end":{"line":14,"column":140}},"14":{"start":{"line":6,"column":141},"end":{"line":14,"column":110}},"15":{"start":{"line":6,"column":152},"end":{"line":14,"column":109}},"16":{"start":{"line":6,"column":199},"end":{"line":6,"column":217}},"17":{"start":{"line":6,"column":217},"end":{"line":8,"column":50}},"18":{"start":{"line":8,"column":57},"end":{"line":8,"column":83}},"19":{"start":{"line":8,"column":83},"end":{"line":9,"column":49}},"20":{"start":{"line":9,"column":24},"end":{"line":9,"column":42}},"21":{"start":{"line":9,"column":42},"end":{"line":9,"column":48}},"22":{"start":{"line":9,"column":49},"end":{"line":9,"column":67}},"23":{"start":{"line":9,"column":67},"end":{"line":12,"column":47}},"24":{"start":{"line":12,"column":54},"end":{"line":12,"column":72}},"25":{"start":{"line":12,"column":72},"end":{"line":12,"column":78}},"26":{"start":{"line":14,"column":12},"end":{"line":14,"column":67}},"27":{"start":{"line":14,"column":85},"end":{"line":14,"column":108}},"28":{"start":{"line":18,"column":2},"end":{"line":19,"column":167}},"29":{"start":{"line":23,"column":0},"end":{"line":23,"column":4}},"30":{"start":{"line":23,"column":5},"end":{"line":23,"column":32}},"31":{"start":{"line":25,"column":13},"end":{"line":31,"column":19}}},"fnMap":{"0":{"name":"Link","decl":{"start":{"line":4,"column":20},"end":{"line":4,"column":24}},"loc":{"start":{"line":4,"column":31},"end":{"line":21,"column":1}},"line":4},"1":{"name":"_callee","decl":{"start":{"line":6,"column":53},"end":{"line":6,"column":60}},"loc":{"start":{"line":6,"column":63},"end":{"line":14,"column":141}},"line":6},"2":{"name":"_callee$","decl":{"start":{"line":6,"column":121},"end":{"line":6,"column":129}},"loc":{"start":{"line":6,"column":140},"end":{"line":14,"column":111}},"line":6}},"branchMap":{"0":{"loc":{"start":{"line":6,"column":152},"end":{"line":14,"column":109}},"type":"switch","locations":[{"start":{"line":6,"column":192},"end":{"line":8,"column":50}},{"start":{"line":8,"column":50},"end":{"line":12,"column":47}},{"start":{"line":12,"column":47},"end":{"line":12,"column":78}},{"start":{"line":12,"column":78},"end":{"line":14,"column":67}},{"start":{"line":14,"column":67},"end":{"line":14,"column":74}},{"start":{"line":14,"column":74},"end":{"line":14,"column":108}}],"line":6},"1":{"loc":{"start":{"line":8,"column":83},"end":{"line":9,"column":49}},"type":"if","locations":[{"start":{"line":8,"column":83},"end":{"line":9,"column":49}},{"start":{"line":8,"column":83},"end":{"line":9,"column":49}}],"line":8}},"s":{"0":1,"1":1,"2":1,"3":1,"4":1,"5":1,"6":1,"7":1,"8":1,"9":1,"10":1,"11":1,"12":1,"13":0,"14":0,"15":0,"16":0,"17":0,"18":0,"19":0,"20":0,"21":0,"22":0,"23":0,"24":0,"25":0,"26":0,"27":0,"28":1,"29":1,"30":1,"31":1},"f":{"0":1,"1":0,"2":0},"b":{"0":[0,0,0,0,0,0],"1":[0,0]},"inputSourceMap":null,"_coverageSchema":"1a1c01bbd47fc00a2c39e90264f33305004495a9","hash":"ac50a524819d2c60a02990c4f63cdb453d8ec24c"}
,"/Users/geneween/Development/code/react-projects/search-newspapers-dev/SearchNewspapers/components/templates/SubmitButton.js": {"path":"/Users/geneween/Development/code/react-projects/search-newspapers-dev/SearchNewspapers/components/templates/SubmitButton.js","statementMap":{"0":{"start":{"line":1,"column":42},"end":{"line":1,"column":97}},"1":{"start":{"line":1,"column":98},"end":{"line":1,"column":160}},"2":{"start":{"line":1,"column":160},"end":{"line":1,"column":185}},"3":{"start":{"line":1,"column":208},"end":{"line":1,"column":280}},"4":{"start":{"line":1,"column":294},"end":{"line":1,"column":334}},"5":{"start":{"line":2,"column":19},"end":{"line":2,"column":42}},"6":{"start":{"line":2,"column":55},"end":{"line":2,"column":59}},"7":{"start":{"line":2,"column":75},"end":{"line":2,"column":200}},"8":{"start":{"line":2,"column":254},"end":{"line":2,"column":273}},"9":{"start":{"line":2,"column":274},"end":{"line":2,"column":519}},"10":{"start":{"line":2,"column":323},"end":{"line":2,"column":359}},"11":{"start":{"line":2,"column":360},"end":{"line":2,"column":487}},"12":{"start":{"line":2,"column":380},"end":{"line":2,"column":487}},"13":{"start":{"line":2,"column":421},"end":{"line":2,"column":484}},"14":{"start":{"line":2,"column":487},"end":{"line":2,"column":518}},"15":{"start":{"line":2,"column":519},"end":{"line":2,"column":531}},"16":{"start":{"line":2,"column":564},"end":{"line":2,"column":1049}},"17":{"start":{"line":2,"column":577},"end":{"line":2,"column":578}},"18":{"start":{"line":2,"column":621},"end":{"line":2,"column":661}},"19":{"start":{"line":2,"column":662},"end":{"line":2,"column":1048}},"20":{"start":{"line":2,"column":674},"end":{"line":2,"column":787}},"21":{"start":{"line":2,"column":728},"end":{"line":2,"column":784}},"22":{"start":{"line":2,"column":794},"end":{"line":2,"column":1048}},"23":{"start":{"line":2,"column":833},"end":{"line":2,"column":907}},"24":{"start":{"line":2,"column":915},"end":{"line":2,"column":1047}},"25":{"start":{"line":2,"column":963},"end":{"line":2,"column":1044}},"26":{"start":{"line":2,"column":1049},"end":{"line":2,"column":1063}},"27":{"start":{"line":5,"column":19},"end":{"line":18,"column":1}},"28":{"start":{"line":6,"column":20},"end":{"line":8,"column":14}},"29":{"start":{"line":10,"column":18},"end":{"line":12,"column":18}},"30":{"start":{"line":15,"column":2},"end":{"line":16,"column":171}},"31":{"start":{"line":20,"column":0},"end":{"line":20,"column":12}},"32":{"start":{"line":20,"column":13},"end":{"line":20,"column":40}},"33":{"start":{"line":22,"column":13},"end":{"line":29,"column":35}}},"fnMap":{"0":{"name":"ownKeys","decl":{"start":{"line":2,"column":210},"end":{"line":2,"column":217}},"loc":{"start":{"line":2,"column":242},"end":{"line":2,"column":532}},"line":2},"1":{"name":"(anonymous_1)","decl":{"start":{"line":2,"column":405},"end":{"line":2,"column":406}},"loc":{"start":{"line":2,"column":420},"end":{"line":2,"column":485}},"line":2},"2":{"name":"_objectSpread","decl":{"start":{"line":2,"column":541},"end":{"line":2,"column":554}},"loc":{"start":{"line":2,"column":563},"end":{"line":2,"column":1064}},"line":2},"3":{"name":"(anonymous_3)","decl":{"start":{"line":2,"column":712},"end":{"line":2,"column":713}},"loc":{"start":{"line":2,"column":727},"end":{"line":2,"column":785}},"line":2},"4":{"name":"(anonymous_4)","decl":{"start":{"line":2,"column":947},"end":{"line":2,"column":948}},"loc":{"start":{"line":2,"column":962},"end":{"line":2,"column":1045}},"line":2},"5":{"name":"SubmitButton","decl":{"start":{"line":5,"column":28},"end":{"line":5,"column":40}},"loc":{"start":{"line":5,"column":48},"end":{"line":18,"column":1}},"line":5}},"branchMap":{"0":{"loc":{"start":{"line":2,"column":274},"end":{"line":2,"column":519}},"type":"if","locations":[{"start":{"line":2,"column":274},"end":{"line":2,"column":519}},{"start":{"line":2,"column":274},"end":{"line":2,"column":519}}],"line":2},"1":{"loc":{"start":{"line":2,"column":360},"end":{"line":2,"column":487}},"type":"if","locations":[{"start":{"line":2,"column":360},"end":{"line":2,"column":487}},{"start":{"line":2,"column":360},"end":{"line":2,"column":487}}],"line":2},"2":{"loc":{"start":{"line":2,"column":621},"end":{"line":2,"column":661}},"type":"cond-expr","locations":[{"start":{"line":2,"column":644},"end":{"line":2,"column":656}},{"start":{"line":2,"column":659},"end":{"line":2,"column":661}}],"line":2},"3":{"loc":{"start":{"line":2,"column":662},"end":{"line":2,"column":1048}},"type":"if","locations":[{"start":{"line":2,"column":662},"end":{"line":2,"column":1048}},{"start":{"line":2,"column":662},"end":{"line":2,"column":1048}}],"line":2},"4":{"loc":{"start":{"line":2,"column":794},"end":{"line":2,"column":1048}},"type":"if","locations":[{"start":{"line":2,"column":794},"end":{"line":2,"column":1048}},{"start":{"line":2,"column":794},"end":{"line":2,"column":1048}}],"line":2}},"s":{"0":1,"1":1,"2":1,"3":1,"4":1,"5":1,"6":1,"7":1,"8":4,"9":4,"10":4,"11":4,"12":4,"13":0,"14":4,"15":4,"16":4,"17":4,"18":4,"19":4,"20":4,"21":6,"22":0,"23":0,"24":0,"25":0,"26":4,"27":1,"28":1,"29":1,"30":1,"31":1,"32":1,"33":1},"f":{"0":4,"1":0,"2":4,"3":6,"4":0,"5":1},"b":{"0":[4,0],"1":[4,0],"2":[4,0],"3":[4,0],"4":[0,0]},"inputSourceMap":null,"_coverageSchema":"1a1c01bbd47fc00a2c39e90264f33305004495a9","hash":"adb071e9d46790440dc304c7c6200693192c9296"}
,"/Users/geneween/Development/code/react-projects/search-newspapers-dev/SearchNewspapers/constants/index.js": {"path":"/Users/geneween/Development/code/react-projects/search-newspapers-dev/SearchNewspapers/constants/index.js","statementMap":{"0":{"start":{"line":1,"column":13},"end":{"line":1,"column":75}},"1":{"start":{"line":1,"column":75},"end":{"line":1,"column":159}},"2":{"start":{"line":1,"column":172},"end":{"line":1,"column":208}},"3":{"start":{"line":1,"column":209},"end":{"line":1,"column":233}},"4":{"start":{"line":3,"column":17},"end":{"line":3,"column":59}},"5":{"start":{"line":3,"column":60},"end":{"line":3,"column":92}},"6":{"start":{"line":5,"column":17},"end":{"line":5,"column":40}},"7":{"start":{"line":5,"column":41},"end":{"line":5,"column":73}},"8":{"start":{"line":7,"column":14},"end":{"line":9,"column":32}},"9":{"start":{"line":9,"column":33},"end":{"line":9,"column":59}}},"fnMap":{},"branchMap":{},"s":{"0":1,"1":1,"2":1,"3":1,"4":1,"5":1,"6":1,"7":1,"8":1,"9":1},"f":{},"b":{},"inputSourceMap":null,"_coverageSchema":"1a1c01bbd47fc00a2c39e90264f33305004495a9","hash":"4af3016655019472b7e89214175451c8b9a73599"}
,"/Users/geneween/Development/code/react-projects/search-newspapers-dev/SearchNewspapers/helpers/index.js": {"path":"/Users/geneween/Development/code/react-projects/search-newspapers-dev/SearchNewspapers/helpers/index.js","statementMap":{"0":{"start":{"line":1,"column":42},"end":{"line":1,"column":97}},"1":{"start":{"line":1,"column":98},"end":{"line":1,"column":160}},"2":{"start":{"line":1,"column":160},"end":{"line":1,"column":278}},"3":{"start":{"line":1,"column":298},"end":{"line":1,"column":370}},"4":{"start":{"line":3,"column":17},"end":{"line":9,"column":1}},"5":{"start":{"line":4,"column":2},"end":{"line":8,"column":5}},"6":{"start":{"line":5,"column":21},"end":{"line":5,"column":63}},"7":{"start":{"line":7,"column":4},"end":{"line":7,"column":21}},"8":{"start":{"line":9,"column":2},"end":{"line":9,"column":34}},"9":{"start":{"line":11,"column":19},"end":{"line":20,"column":1}},"10":{"start":{"line":12,"column":2},"end":{"line":19,"column":64}},"11":{"start":{"line":14,"column":4},"end":{"line":17,"column":5}},"12":{"start":{"line":15,"column":6},"end":{"line":15,"column":23}},"13":{"start":{"line":16,"column":6},"end":{"line":16,"column":18}},"14":{"start":{"line":19,"column":24},"end":{"line":19,"column":61}},"15":{"start":{"line":20,"column":2},"end":{"line":20,"column":38}},"16":{"start":{"line":22,"column":22},"end":{"line":24,"column":1}},"17":{"start":{"line":23,"column":2},"end":{"line":23,"column":40}},"18":{"start":{"line":24,"column":2},"end":{"line":24,"column":44}},"19":{"start":{"line":26,"column":18},"end":{"line":32,"column":1}},"20":{"start":{"line":27,"column":16},"end":{"line":27,"column":38}},"21":{"start":{"line":28,"column":13},"end":{"line":28,"column":32}},"22":{"start":{"line":29,"column":14},"end":{"line":29,"column":33}},"23":{"start":{"line":30,"column":12},"end":{"line":30,"column":31}},"24":{"start":{"line":31,"column":2},"end":{"line":31,"column":40}},"25":{"start":{"line":32,"column":2},"end":{"line":32,"column":36}},"26":{"start":{"line":34,"column":15},"end":{"line":46,"column":1}},"27":{"start":{"line":35,"column":21},"end":{"line":35,"column":39}},"28":{"start":{"line":36,"column":24},"end":{"line":36,"column":47}},"29":{"start":{"line":37,"column":25},"end":{"line":37,"column":57}},"30":{"start":{"line":38,"column":22},"end":{"line":38,"column":48}},"31":{"start":{"line":39,"column":23},"end":{"line":39,"column":47}},"32":{"start":{"line":40,"column":2},"end":{"line":45,"column":3}},"33":{"start":{"line":41,"column":26},"end":{"line":41,"column":57}},"34":{"start":{"line":42,"column":4},"end":{"line":42,"column":37}},"35":{"start":{"line":44,"column":4},"end":{"line":44,"column":25}},"36":{"start":{"line":46,"column":2},"end":{"line":46,"column":30}},"37":{"start":{"line":48,"column":22},"end":{"line":54,"column":1}},"38":{"start":{"line":49,"column":2},"end":{"line":53,"column":5}},"39":{"start":{"line":50,"column":20},"end":{"line":50,"column":34}},"40":{"start":{"line":51,"column":4},"end":{"line":51,"column":46}},"41":{"start":{"line":52,"column":4},"end":{"line":52,"column":30}}},"fnMap":{"0":{"name":"asyncStore","decl":{"start":{"line":3,"column":26},"end":{"line":3,"column":36}},"loc":{"start":{"line":3,"column":49},"end":{"line":9,"column":1}},"line":3},"1":{"name":"(anonymous_1)","decl":{"start":{"line":5,"column":7},"end":{"line":5,"column":8}},"loc":{"start":{"line":5,"column":20},"end":{"line":5,"column":64}},"line":5},"2":{"name":"(anonymous_2)","decl":{"start":{"line":6,"column":7},"end":{"line":6,"column":8}},"loc":{"start":{"line":6,"column":22},"end":{"line":8,"column":3}},"line":6},"3":{"name":"getAsyncData","decl":{"start":{"line":11,"column":28},"end":{"line":11,"column":40}},"loc":{"start":{"line":11,"column":54},"end":{"line":20,"column":1}},"line":11},"4":{"name":"(anonymous_4)","decl":{"start":{"line":13,"column":7},"end":{"line":13,"column":8}},"loc":{"start":{"line":13,"column":22},"end":{"line":18,"column":3}},"line":13},"5":{"name":"(anonymous_5)","decl":{"start":{"line":19,"column":8},"end":{"line":19,"column":9}},"loc":{"start":{"line":19,"column":23},"end":{"line":19,"column":62}},"line":19},"6":{"name":"removeAsyncData","decl":{"start":{"line":22,"column":31},"end":{"line":22,"column":46}},"loc":{"start":{"line":22,"column":52},"end":{"line":24,"column":1}},"line":22},"7":{"name":"convertDate","decl":{"start":{"line":26,"column":27},"end":{"line":26,"column":38}},"loc":{"start":{"line":26,"column":45},"end":{"line":32,"column":1}},"line":26},"8":{"name":"titleize","decl":{"start":{"line":34,"column":24},"end":{"line":34,"column":32}},"loc":{"start":{"line":34,"column":40},"end":{"line":46,"column":1}},"line":34},"9":{"name":"capitalizeWords","decl":{"start":{"line":48,"column":31},"end":{"line":48,"column":46}},"loc":{"start":{"line":48,"column":58},"end":{"line":54,"column":1}},"line":48},"10":{"name":"(anonymous_10)","decl":{"start":{"line":49,"column":23},"end":{"line":49,"column":24}},"loc":{"start":{"line":49,"column":39},"end":{"line":53,"column":3}},"line":49}},"branchMap":{"0":{"loc":{"start":{"line":14,"column":4},"end":{"line":17,"column":5}},"type":"if","locations":[{"start":{"line":14,"column":4},"end":{"line":17,"column":5}},{"start":{"line":14,"column":4},"end":{"line":17,"column":5}}],"line":14},"1":{"loc":{"start":{"line":40,"column":2},"end":{"line":45,"column":3}},"type":"if","locations":[{"start":{"line":40,"column":2},"end":{"line":45,"column":3}},{"start":{"line":40,"column":2},"end":{"line":45,"column":3}}],"line":40}},"s":{"0":1,"1":1,"2":1,"3":1,"4":1,"5":0,"6":0,"7":0,"8":1,"9":1,"10":1,"11":0,"12":0,"13":0,"14":0,"15":1,"16":1,"17":0,"18":1,"19":1,"20":0,"21":0,"22":0,"23":0,"24":0,"25":1,"26":1,"27":0,"28":0,"29":0,"30":0,"31":0,"32":0,"33":0,"34":0,"35":0,"36":1,"37":1,"38":0,"39":0,"40":0,"41":0},"f":{"0":0,"1":0,"2":0,"3":1,"4":0,"5":0,"6":0,"7":0,"8":0,"9":0,"10":0},"b":{"0":[0,0],"1":[0,0]},"inputSourceMap":null,"_coverageSchema":"1a1c01bbd47fc00a2c39e90264f33305004495a9","hash":"4e73b4e64b4c81e5ce66bc3912fd83099d369631"}
,"/Users/geneween/Development/code/react-projects/search-newspapers-dev/SearchNewspapers/reducers/edition.js": {"path":"/Users/geneween/Development/code/react-projects/search-newspapers-dev/SearchNewspapers/reducers/edition.js","statementMap":{"0":{"start":{"line":1,"column":13},"end":{"line":1,"column":75}},"1":{"start":{"line":1,"column":75},"end":{"line":1,"column":100}},"2":{"start":{"line":1,"column":121},"end":{"line":12,"column":1}},"3":{"start":{"line":1,"column":160},"end":{"line":1,"column":232}},"4":{"start":{"line":1,"column":246},"end":{"line":1,"column":293}},"5":{"start":{"line":2,"column":2},"end":{"line":10,"column":20}},"6":{"start":{"line":4,"column":6},"end":{"line":4,"column":28}},"7":{"start":{"line":6,"column":6},"end":{"line":6,"column":18}},"8":{"start":{"line":8,"column":6},"end":{"line":8,"column":18}},"9":{"start":{"line":10,"column":6},"end":{"line":10,"column":19}},"10":{"start":{"line":14,"column":0},"end":{"line":14,"column":14}},"11":{"start":{"line":14,"column":15},"end":{"line":14,"column":42}}},"fnMap":{"0":{"name":"editionReducer","decl":{"start":{"line":1,"column":130},"end":{"line":1,"column":144}},"loc":{"start":{"line":1,"column":147},"end":{"line":12,"column":1}},"line":1}},"branchMap":{"0":{"loc":{"start":{"line":1,"column":160},"end":{"line":1,"column":232}},"type":"cond-expr","locations":[{"start":{"line":1,"column":213},"end":{"line":1,"column":225}},{"start":{"line":1,"column":228},"end":{"line":1,"column":232}}],"line":1},"1":{"loc":{"start":{"line":1,"column":160},"end":{"line":1,"column":210}},"type":"binary-expr","locations":[{"start":{"line":1,"column":160},"end":{"line":1,"column":180}},{"start":{"line":1,"column":184},"end":{"line":1,"column":210}}],"line":1},"2":{"loc":{"start":{"line":1,"column":246},"end":{"line":1,"column":293}},"type":"cond-expr","locations":[{"start":{"line":1,"column":269},"end":{"line":1,"column":281}},{"start":{"line":1,"column":284},"end":{"line":1,"column":293}}],"line":1},"3":{"loc":{"start":{"line":2,"column":2},"end":{"line":10,"column":20}},"type":"switch","locations":[{"start":{"line":3,"column":4},"end":{"line":4,"column":28}},{"start":{"line":5,"column":4},"end":{"line":6,"column":18}},{"start":{"line":7,"column":4},"end":{"line":8,"column":18}},{"start":{"line":9,"column":4},"end":{"line":10,"column":19}}],"line":2}},"s":{"0":1,"1":1,"2":1,"3":1,"4":1,"5":1,"6":0,"7":0,"8":0,"9":1,"10":1,"11":1},"f":{"0":1},"b":{"0":[0,1],"1":[1,1],"2":[1,0],"3":[0,0,0,1]},"inputSourceMap":null,"_coverageSchema":"1a1c01bbd47fc00a2c39e90264f33305004495a9","hash":"fd98bcffcddda460a78c00c5e530f071c6aabf33"}
,"/Users/geneween/Development/code/react-projects/search-newspapers-dev/SearchNewspapers/reducers/editionLoader.js": {"path":"/Users/geneween/Development/code/react-projects/search-newspapers-dev/SearchNewspapers/reducers/editionLoader.js","statementMap":{"0":{"start":{"line":1,"column":13},"end":{"line":1,"column":75}},"1":{"start":{"line":1,"column":75},"end":{"line":1,"column":100}},"2":{"start":{"line":1,"column":127},"end":{"line":10,"column":1}},"3":{"start":{"line":1,"column":172},"end":{"line":1,"column":245}},"4":{"start":{"line":1,"column":259},"end":{"line":1,"column":306}},"5":{"start":{"line":2,"column":2},"end":{"line":8,"column":20}},"6":{"start":{"line":4,"column":6},"end":{"line":4,"column":18}},"7":{"start":{"line":6,"column":6},"end":{"line":6,"column":19}},"8":{"start":{"line":8,"column":6},"end":{"line":8,"column":19}},"9":{"start":{"line":12,"column":0},"end":{"line":12,"column":20}},"10":{"start":{"line":12,"column":21},"end":{"line":12,"column":48}}},"fnMap":{"0":{"name":"editionLoaderReducer","decl":{"start":{"line":1,"column":136},"end":{"line":1,"column":156}},"loc":{"start":{"line":1,"column":159},"end":{"line":10,"column":1}},"line":1}},"branchMap":{"0":{"loc":{"start":{"line":1,"column":172},"end":{"line":1,"column":245}},"type":"cond-expr","locations":[{"start":{"line":1,"column":225},"end":{"line":1,"column":237}},{"start":{"line":1,"column":240},"end":{"line":1,"column":245}}],"line":1},"1":{"loc":{"start":{"line":1,"column":172},"end":{"line":1,"column":222}},"type":"binary-expr","locations":[{"start":{"line":1,"column":172},"end":{"line":1,"column":192}},{"start":{"line":1,"column":196},"end":{"line":1,"column":222}}],"line":1},"2":{"loc":{"start":{"line":1,"column":259},"end":{"line":1,"column":306}},"type":"cond-expr","locations":[{"start":{"line":1,"column":282},"end":{"line":1,"column":294}},{"start":{"line":1,"column":297},"end":{"line":1,"column":306}}],"line":1},"3":{"loc":{"start":{"line":2,"column":2},"end":{"line":8,"column":20}},"type":"switch","locations":[{"start":{"line":3,"column":4},"end":{"line":4,"column":18}},{"start":{"line":5,"column":4},"end":{"line":6,"column":19}},{"start":{"line":7,"column":4},"end":{"line":8,"column":19}}],"line":2}},"s":{"0":1,"1":1,"2":1,"3":1,"4":1,"5":1,"6":0,"7":0,"8":1,"9":1,"10":1},"f":{"0":1},"b":{"0":[0,1],"1":[1,1],"2":[1,0],"3":[0,0,1]},"inputSourceMap":null,"_coverageSchema":"1a1c01bbd47fc00a2c39e90264f33305004495a9","hash":"87f53930133fbe47150671065cd009600dad0c03"}
,"/Users/geneween/Development/code/react-projects/search-newspapers-dev/SearchNewspapers/reducers/editionPage.js": {"path":"/Users/geneween/Development/code/react-projects/search-newspapers-dev/SearchNewspapers/reducers/editionPage.js","statementMap":{"0":{"start":{"line":1,"column":13},"end":{"line":1,"column":75}},"1":{"start":{"line":1,"column":75},"end":{"line":1,"column":100}},"2":{"start":{"line":1,"column":125},"end":{"line":10,"column":1}},"3":{"start":{"line":1,"column":168},"end":{"line":1,"column":240}},"4":{"start":{"line":1,"column":254},"end":{"line":1,"column":301}},"5":{"start":{"line":2,"column":2},"end":{"line":8,"column":20}},"6":{"start":{"line":4,"column":6},"end":{"line":4,"column":25}},"7":{"start":{"line":6,"column":6},"end":{"line":6,"column":25}},"8":{"start":{"line":8,"column":6},"end":{"line":8,"column":19}},"9":{"start":{"line":12,"column":0},"end":{"line":12,"column":18}},"10":{"start":{"line":12,"column":19},"end":{"line":12,"column":46}}},"fnMap":{"0":{"name":"editionPageReducer","decl":{"start":{"line":1,"column":134},"end":{"line":1,"column":152}},"loc":{"start":{"line":1,"column":155},"end":{"line":10,"column":1}},"line":1}},"branchMap":{"0":{"loc":{"start":{"line":1,"column":168},"end":{"line":1,"column":240}},"type":"cond-expr","locations":[{"start":{"line":1,"column":221},"end":{"line":1,"column":233}},{"start":{"line":1,"column":236},"end":{"line":1,"column":240}}],"line":1},"1":{"loc":{"start":{"line":1,"column":168},"end":{"line":1,"column":218}},"type":"binary-expr","locations":[{"start":{"line":1,"column":168},"end":{"line":1,"column":188}},{"start":{"line":1,"column":192},"end":{"line":1,"column":218}}],"line":1},"2":{"loc":{"start":{"line":1,"column":254},"end":{"line":1,"column":301}},"type":"cond-expr","locations":[{"start":{"line":1,"column":277},"end":{"line":1,"column":289}},{"start":{"line":1,"column":292},"end":{"line":1,"column":301}}],"line":1},"3":{"loc":{"start":{"line":2,"column":2},"end":{"line":8,"column":20}},"type":"switch","locations":[{"start":{"line":3,"column":4},"end":{"line":4,"column":25}},{"start":{"line":5,"column":4},"end":{"line":6,"column":25}},{"start":{"line":7,"column":4},"end":{"line":8,"column":19}}],"line":2}},"s":{"0":1,"1":1,"2":1,"3":1,"4":1,"5":1,"6":0,"7":0,"8":1,"9":1,"10":1},"f":{"0":1},"b":{"0":[0,1],"1":[1,1],"2":[1,0],"3":[0,0,1]},"inputSourceMap":null,"_coverageSchema":"1a1c01bbd47fc00a2c39e90264f33305004495a9","hash":"d19353ca5269fdaa7eb4c86c0ec2b9fd45ab855f"}
,"/Users/geneween/Development/code/react-projects/search-newspapers-dev/SearchNewspapers/reducers/loader.js": {"path":"/Users/geneween/Development/code/react-projects/search-newspapers-dev/SearchNewspapers/reducers/loader.js","statementMap":{"0":{"start":{"line":1,"column":13},"end":{"line":1,"column":75}},"1":{"start":{"line":1,"column":75},"end":{"line":1,"column":100}},"2":{"start":{"line":1,"column":120},"end":{"line":30,"column":1}},"3":{"start":{"line":1,"column":158},"end":{"line":1,"column":231}},"4":{"start":{"line":1,"column":245},"end":{"line":1,"column":292}},"5":{"start":{"line":2,"column":2},"end":{"line":28,"column":20}},"6":{"start":{"line":4,"column":6},"end":{"line":4,"column":18}},"7":{"start":{"line":6,"column":6},"end":{"line":6,"column":19}},"8":{"start":{"line":8,"column":6},"end":{"line":8,"column":18}},"9":{"start":{"line":10,"column":6},"end":{"line":10,"column":19}},"10":{"start":{"line":12,"column":6},"end":{"line":12,"column":18}},"11":{"start":{"line":14,"column":6},"end":{"line":14,"column":19}},"12":{"start":{"line":16,"column":6},"end":{"line":16,"column":18}},"13":{"start":{"line":18,"column":6},"end":{"line":18,"column":19}},"14":{"start":{"line":20,"column":6},"end":{"line":20,"column":18}},"15":{"start":{"line":22,"column":6},"end":{"line":22,"column":19}},"16":{"start":{"line":24,"column":6},"end":{"line":24,"column":18}},"17":{"start":{"line":26,"column":6},"end":{"line":26,"column":19}},"18":{"start":{"line":28,"column":6},"end":{"line":28,"column":19}},"19":{"start":{"line":32,"column":0},"end":{"line":32,"column":13}},"20":{"start":{"line":32,"column":14},"end":{"line":32,"column":41}}},"fnMap":{"0":{"name":"loaderReducer","decl":{"start":{"line":1,"column":129},"end":{"line":1,"column":142}},"loc":{"start":{"line":1,"column":145},"end":{"line":30,"column":1}},"line":1}},"branchMap":{"0":{"loc":{"start":{"line":1,"column":158},"end":{"line":1,"column":231}},"type":"cond-expr","locations":[{"start":{"line":1,"column":211},"end":{"line":1,"column":223}},{"start":{"line":1,"column":226},"end":{"line":1,"column":231}}],"line":1},"1":{"loc":{"start":{"line":1,"column":158},"end":{"line":1,"column":208}},"type":"binary-expr","locations":[{"start":{"line":1,"column":158},"end":{"line":1,"column":178}},{"start":{"line":1,"column":182},"end":{"line":1,"column":208}}],"line":1},"2":{"loc":{"start":{"line":1,"column":245},"end":{"line":1,"column":292}},"type":"cond-expr","locations":[{"start":{"line":1,"column":268},"end":{"line":1,"column":280}},{"start":{"line":1,"column":283},"end":{"line":1,"column":292}}],"line":1},"3":{"loc":{"start":{"line":2,"column":2},"end":{"line":28,"column":20}},"type":"switch","locations":[{"start":{"line":3,"column":4},"end":{"line":4,"column":18}},{"start":{"line":5,"column":4},"end":{"line":6,"column":19}},{"start":{"line":7,"column":4},"end":{"line":8,"column":18}},{"start":{"line":9,"column":4},"end":{"line":10,"column":19}},{"start":{"line":11,"column":4},"end":{"line":12,"column":18}},{"start":{"line":13,"column":4},"end":{"line":14,"column":19}},{"start":{"line":15,"column":4},"end":{"line":16,"column":18}},{"start":{"line":17,"column":4},"end":{"line":18,"column":19}},{"start":{"line":19,"column":4},"end":{"line":20,"column":18}},{"start":{"line":21,"column":4},"end":{"line":22,"column":19}},{"start":{"line":23,"column":4},"end":{"line":24,"column":18}},{"start":{"line":25,"column":4},"end":{"line":26,"column":19}},{"start":{"line":27,"column":4},"end":{"line":28,"column":19}}],"line":2}},"s":{"0":1,"1":1,"2":1,"3":1,"4":1,"5":1,"6":0,"7":0,"8":0,"9":0,"10":0,"11":0,"12":0,"13":0,"14":0,"15":0,"16":0,"17":0,"18":1,"19":1,"20":1},"f":{"0":1},"b":{"0":[0,1],"1":[1,1],"2":[1,0],"3":[0,0,0,0,0,0,0,0,0,0,0,0,1]},"inputSourceMap":null,"_coverageSchema":"1a1c01bbd47fc00a2c39e90264f33305004495a9","hash":"0b39126645960d65e6cc483d5a8e1a5cc1e363e4"}
,"/Users/geneween/Development/code/react-projects/search-newspapers-dev/SearchNewspapers/reducers/pages.js": {"path":"/Users/geneween/Development/code/react-projects/search-newspapers-dev/SearchNewspapers/reducers/pages.js","statementMap":{"0":{"start":{"line":1,"column":42},"end":{"line":1,"column":97}},"1":{"start":{"line":1,"column":98},"end":{"line":1,"column":160}},"2":{"start":{"line":1,"column":160},"end":{"line":1,"column":185}},"3":{"start":{"line":1,"column":208},"end":{"line":1,"column":280}},"4":{"start":{"line":1,"column":307},"end":{"line":1,"column":382}},"5":{"start":{"line":1,"column":436},"end":{"line":1,"column":455}},"6":{"start":{"line":1,"column":456},"end":{"line":1,"column":701}},"7":{"start":{"line":1,"column":505},"end":{"line":1,"column":541}},"8":{"start":{"line":1,"column":542},"end":{"line":1,"column":669}},"9":{"start":{"line":1,"column":562},"end":{"line":1,"column":669}},"10":{"start":{"line":1,"column":603},"end":{"line":1,"column":666}},"11":{"start":{"line":1,"column":669},"end":{"line":1,"column":700}},"12":{"start":{"line":1,"column":701},"end":{"line":1,"column":713}},"13":{"start":{"line":1,"column":746},"end":{"line":1,"column":1231}},"14":{"start":{"line":1,"column":759},"end":{"line":1,"column":760}},"15":{"start":{"line":1,"column":803},"end":{"line":1,"column":843}},"16":{"start":{"line":1,"column":844},"end":{"line":1,"column":1230}},"17":{"start":{"line":1,"column":856},"end":{"line":1,"column":969}},"18":{"start":{"line":1,"column":910},"end":{"line":1,"column":966}},"19":{"start":{"line":1,"column":976},"end":{"line":1,"column":1230}},"20":{"start":{"line":1,"column":1015},"end":{"line":1,"column":1089}},"21":{"start":{"line":1,"column":1097},"end":{"line":1,"column":1229}},"22":{"start":{"line":1,"column":1145},"end":{"line":1,"column":1226}},"23":{"start":{"line":1,"column":1231},"end":{"line":1,"column":1245}},"24":{"start":{"line":1,"column":1265},"end":{"line":24,"column":1}},"25":{"start":{"line":1,"column":1302},"end":{"line":1,"column":1372}},"26":{"start":{"line":1,"column":1386},"end":{"line":1,"column":1433}},"27":{"start":{"line":2,"column":2},"end":{"line":22,"column":20}},"28":{"start":{"line":4,"column":6},"end":{"line":4,"column":26}},"29":{"start":{"line":6,"column":6},"end":{"line":8,"column":20}},"30":{"start":{"line":11,"column":6},"end":{"line":11,"column":75}},"31":{"start":{"line":11,"column":43},"end":{"line":11,"column":72}},"32":{"start":{"line":13,"column":6},"end":{"line":20,"column":9}},"33":{"start":{"line":14,"column":8},"end":{"line":19,"column":27}},"34":{"start":{"line":15,"column":10},"end":{"line":17,"column":33}},"35":{"start":{"line":19,"column":15},"end":{"line":19,"column":27}},"36":{"start":{"line":22,"column":6},"end":{"line":22,"column":19}},"37":{"start":{"line":26,"column":0},"end":{"line":26,"column":12}},"38":{"start":{"line":26,"column":13},"end":{"line":26,"column":40}}},"fnMap":{"0":{"name":"ownKeys","decl":{"start":{"line":1,"column":392},"end":{"line":1,"column":399}},"loc":{"start":{"line":1,"column":424},"end":{"line":1,"column":714}},"line":1},"1":{"name":"(anonymous_1)","decl":{"start":{"line":1,"column":587},"end":{"line":1,"column":588}},"loc":{"start":{"line":1,"column":602},"end":{"line":1,"column":667}},"line":1},"2":{"name":"_objectSpread","decl":{"start":{"line":1,"column":723},"end":{"line":1,"column":736}},"loc":{"start":{"line":1,"column":745},"end":{"line":1,"column":1246}},"line":1},"3":{"name":"(anonymous_3)","decl":{"start":{"line":1,"column":894},"end":{"line":1,"column":895}},"loc":{"start":{"line":1,"column":909},"end":{"line":1,"column":967}},"line":1},"4":{"name":"(anonymous_4)","decl":{"start":{"line":1,"column":1129},"end":{"line":1,"column":1130}},"loc":{"start":{"line":1,"column":1144},"end":{"line":1,"column":1227}},"line":1},"5":{"name":"pagesReducer","decl":{"start":{"line":1,"column":1274},"end":{"line":1,"column":1286}},"loc":{"start":{"line":1,"column":1289},"end":{"line":24,"column":1}},"line":1},"6":{"name":"(anonymous_6)","decl":{"start":{"line":11,"column":26},"end":{"line":11,"column":27}},"loc":{"start":{"line":11,"column":42},"end":{"line":11,"column":73}},"line":11},"7":{"name":"(anonymous_7)","decl":{"start":{"line":13,"column":23},"end":{"line":13,"column":24}},"loc":{"start":{"line":13,"column":39},"end":{"line":20,"column":7}},"line":13}},"branchMap":{"0":{"loc":{"start":{"line":1,"column":456},"end":{"line":1,"column":701}},"type":"if","locations":[{"start":{"line":1,"column":456},"end":{"line":1,"column":701}},{"start":{"line":1,"column":456},"end":{"line":1,"column":701}}],"line":1},"1":{"loc":{"start":{"line":1,"column":542},"end":{"line":1,"column":669}},"type":"if","locations":[{"start":{"line":1,"column":542},"end":{"line":1,"column":669}},{"start":{"line":1,"column":542},"end":{"line":1,"column":669}}],"line":1},"2":{"loc":{"start":{"line":1,"column":803},"end":{"line":1,"column":843}},"type":"cond-expr","locations":[{"start":{"line":1,"column":826},"end":{"line":1,"column":838}},{"start":{"line":1,"column":841},"end":{"line":1,"column":843}}],"line":1},"3":{"loc":{"start":{"line":1,"column":844},"end":{"line":1,"column":1230}},"type":"if","locations":[{"start":{"line":1,"column":844},"end":{"line":1,"column":1230}},{"start":{"line":1,"column":844},"end":{"line":1,"column":1230}}],"line":1},"4":{"loc":{"start":{"line":1,"column":976},"end":{"line":1,"column":1230}},"type":"if","locations":[{"start":{"line":1,"column":976},"end":{"line":1,"column":1230}},{"start":{"line":1,"column":976},"end":{"line":1,"column":1230}}],"line":1},"5":{"loc":{"start":{"line":1,"column":1302},"end":{"line":1,"column":1372}},"type":"cond-expr","locations":[{"start":{"line":1,"column":1355},"end":{"line":1,"column":1367}},{"start":{"line":1,"column":1370},"end":{"line":1,"column":1372}}],"line":1},"6":{"loc":{"start":{"line":1,"column":1302},"end":{"line":1,"column":1352}},"type":"binary-expr","locations":[{"start":{"line":1,"column":1302},"end":{"line":1,"column":1322}},{"start":{"line":1,"column":1326},"end":{"line":1,"column":1352}}],"line":1},"7":{"loc":{"start":{"line":1,"column":1386},"end":{"line":1,"column":1433}},"type":"cond-expr","locations":[{"start":{"line":1,"column":1409},"end":{"line":1,"column":1421}},{"start":{"line":1,"column":1424},"end":{"line":1,"column":1433}}],"line":1},"8":{"loc":{"start":{"line":2,"column":2},"end":{"line":22,"column":20}},"type":"switch","locations":[{"start":{"line":3,"column":4},"end":{"line":4,"column":26}},{"start":{"line":5,"column":4},"end":{"line":8,"column":20}},{"start":{"line":10,"column":4},"end":{"line":11,"column":75}},{"start":{"line":12,"column":4},"end":{"line":20,"column":9}},{"start":{"line":21,"column":4},"end":{"line":22,"column":19}}],"line":2},"9":{"loc":{"start":{"line":14,"column":8},"end":{"line":19,"column":27}},"type":"if","locations":[{"start":{"line":14,"column":8},"end":{"line":19,"column":27}},{"start":{"line":14,"column":8},"end":{"line":19,"column":27}}],"line":14}},"s":{"0":1,"1":1,"2":1,"3":1,"4":1,"5":0,"6":0,"7":0,"8":0,"9":0,"10":0,"11":0,"12":0,"13":0,"14":0,"15":0,"16":0,"17":0,"18":0,"19":0,"20":0,"21":0,"22":0,"23":0,"24":1,"25":1,"26":1,"27":1,"28":0,"29":0,"30":0,"31":0,"32":0,"33":0,"34":0,"35":0,"36":1,"37":1,"38":1},"f":{"0":0,"1":0,"2":0,"3":0,"4":0,"5":1,"6":0,"7":0},"b":{"0":[0,0],"1":[0,0],"2":[0,0],"3":[0,0],"4":[0,0],"5":[0,1],"6":[1,1],"7":[1,0],"8":[0,0,0,0,1],"9":[0,0]},"inputSourceMap":null,"_coverageSchema":"1a1c01bbd47fc00a2c39e90264f33305004495a9","hash":"03a5abbc2bd46bb1a5d2a8302335b9e8d06a6d86"}
,"/Users/geneween/Development/code/react-projects/search-newspapers-dev/SearchNewspapers/reducers/query.js": {"path":"/Users/geneween/Development/code/react-projects/search-newspapers-dev/SearchNewspapers/reducers/query.js","statementMap":{"0":{"start":{"line":1,"column":13},"end":{"line":1,"column":75}},"1":{"start":{"line":1,"column":75},"end":{"line":1,"column":100}},"2":{"start":{"line":1,"column":119},"end":{"line":8,"column":1}},"3":{"start":{"line":1,"column":156},"end":{"line":1,"column":226}},"4":{"start":{"line":1,"column":240},"end":{"line":1,"column":287}},"5":{"start":{"line":2,"column":2},"end":{"line":6,"column":20}},"6":{"start":{"line":4,"column":6},"end":{"line":4,"column":26}},"7":{"start":{"line":6,"column":6},"end":{"line":6,"column":19}},"8":{"start":{"line":10,"column":0},"end":{"line":10,"column":12}},"9":{"start":{"line":10,"column":13},"end":{"line":10,"column":40}}},"fnMap":{"0":{"name":"queryReducer","decl":{"start":{"line":1,"column":128},"end":{"line":1,"column":140}},"loc":{"start":{"line":1,"column":143},"end":{"line":8,"column":1}},"line":1}},"branchMap":{"0":{"loc":{"start":{"line":1,"column":156},"end":{"line":1,"column":226}},"type":"cond-expr","locations":[{"start":{"line":1,"column":209},"end":{"line":1,"column":221}},{"start":{"line":1,"column":224},"end":{"line":1,"column":226}}],"line":1},"1":{"loc":{"start":{"line":1,"column":156},"end":{"line":1,"column":206}},"type":"binary-expr","locations":[{"start":{"line":1,"column":156},"end":{"line":1,"column":176}},{"start":{"line":1,"column":180},"end":{"line":1,"column":206}}],"line":1},"2":{"loc":{"start":{"line":1,"column":240},"end":{"line":1,"column":287}},"type":"cond-expr","locations":[{"start":{"line":1,"column":263},"end":{"line":1,"column":275}},{"start":{"line":1,"column":278},"end":{"line":1,"column":287}}],"line":1},"3":{"loc":{"start":{"line":2,"column":2},"end":{"line":6,"column":20}},"type":"switch","locations":[{"start":{"line":3,"column":4},"end":{"line":4,"column":26}},{"start":{"line":5,"column":4},"end":{"line":6,"column":19}}],"line":2}},"s":{"0":1,"1":1,"2":1,"3":1,"4":1,"5":1,"6":0,"7":1,"8":1,"9":1},"f":{"0":1},"b":{"0":[0,1],"1":[1,1],"2":[1,0],"3":[0,1]},"inputSourceMap":null,"_coverageSchema":"1a1c01bbd47fc00a2c39e90264f33305004495a9","hash":"b14c7906c899ac779bae6ad22dcf6098b954ceb3"}
,"/Users/geneween/Development/code/react-projects/search-newspapers-dev/SearchNewspapers/reducers/results.js": {"path":"/Users/geneween/Development/code/react-projects/search-newspapers-dev/SearchNewspapers/reducers/results.js","statementMap":{"0":{"start":{"line":1,"column":13},"end":{"line":1,"column":75}},"1":{"start":{"line":1,"column":75},"end":{"line":1,"column":100}},"2":{"start":{"line":1,"column":121},"end":{"line":8,"column":1}},"3":{"start":{"line":1,"column":160},"end":{"line":1,"column":230}},"4":{"start":{"line":1,"column":244},"end":{"line":1,"column":291}},"5":{"start":{"line":2,"column":2},"end":{"line":6,"column":20}},"6":{"start":{"line":4,"column":6},"end":{"line":4,"column":28}},"7":{"start":{"line":6,"column":6},"end":{"line":6,"column":19}},"8":{"start":{"line":10,"column":0},"end":{"line":10,"column":14}},"9":{"start":{"line":10,"column":15},"end":{"line":10,"column":42}}},"fnMap":{"0":{"name":"resultsReducer","decl":{"start":{"line":1,"column":130},"end":{"line":1,"column":144}},"loc":{"start":{"line":1,"column":147},"end":{"line":8,"column":1}},"line":1}},"branchMap":{"0":{"loc":{"start":{"line":1,"column":160},"end":{"line":1,"column":230}},"type":"cond-expr","locations":[{"start":{"line":1,"column":213},"end":{"line":1,"column":225}},{"start":{"line":1,"column":228},"end":{"line":1,"column":230}}],"line":1},"1":{"loc":{"start":{"line":1,"column":160},"end":{"line":1,"column":210}},"type":"binary-expr","locations":[{"start":{"line":1,"column":160},"end":{"line":1,"column":180}},{"start":{"line":1,"column":184},"end":{"line":1,"column":210}}],"line":1},"2":{"loc":{"start":{"line":1,"column":244},"end":{"line":1,"column":291}},"type":"cond-expr","locations":[{"start":{"line":1,"column":267},"end":{"line":1,"column":279}},{"start":{"line":1,"column":282},"end":{"line":1,"column":291}}],"line":1},"3":{"loc":{"start":{"line":2,"column":2},"end":{"line":6,"column":20}},"type":"switch","locations":[{"start":{"line":3,"column":4},"end":{"line":4,"column":28}},{"start":{"line":5,"column":4},"end":{"line":6,"column":19}}],"line":2}},"s":{"0":1,"1":1,"2":1,"3":2,"4":2,"5":2,"6":1,"7":1,"8":1,"9":1},"f":{"0":2},"b":{"0":[0,2],"1":[2,2],"2":[2,0],"3":[1,1]},"inputSourceMap":null,"_coverageSchema":"1a1c01bbd47fc00a2c39e90264f33305004495a9","hash":"487fa5e80350e576987c26d27f7124e767f37c7f"}
,"/Users/geneween/Development/code/react-projects/search-newspapers-dev/SearchNewspapers/reducers/resultsLoader.js": {"path":"/Users/geneween/Development/code/react-projects/search-newspapers-dev/SearchNewspapers/reducers/resultsLoader.js","statementMap":{"0":{"start":{"line":1,"column":13},"end":{"line":1,"column":75}},"1":{"start":{"line":1,"column":75},"end":{"line":1,"column":100}},"2":{"start":{"line":1,"column":127},"end":{"line":10,"column":1}},"3":{"start":{"line":1,"column":172},"end":{"line":1,"column":245}},"4":{"start":{"line":1,"column":259},"end":{"line":1,"column":306}},"5":{"start":{"line":2,"column":2},"end":{"line":8,"column":20}},"6":{"start":{"line":4,"column":6},"end":{"line":4,"column":46}},"7":{"start":{"line":6,"column":6},"end":{"line":6,"column":19}},"8":{"start":{"line":8,"column":6},"end":{"line":8,"column":19}},"9":{"start":{"line":12,"column":0},"end":{"line":12,"column":20}},"10":{"start":{"line":12,"column":21},"end":{"line":12,"column":48}}},"fnMap":{"0":{"name":"resultsLoaderReducer","decl":{"start":{"line":1,"column":136},"end":{"line":1,"column":156}},"loc":{"start":{"line":1,"column":159},"end":{"line":10,"column":1}},"line":1}},"branchMap":{"0":{"loc":{"start":{"line":1,"column":172},"end":{"line":1,"column":245}},"type":"cond-expr","locations":[{"start":{"line":1,"column":225},"end":{"line":1,"column":237}},{"start":{"line":1,"column":240},"end":{"line":1,"column":245}}],"line":1},"1":{"loc":{"start":{"line":1,"column":172},"end":{"line":1,"column":222}},"type":"binary-expr","locations":[{"start":{"line":1,"column":172},"end":{"line":1,"column":192}},{"start":{"line":1,"column":196},"end":{"line":1,"column":222}}],"line":1},"2":{"loc":{"start":{"line":1,"column":259},"end":{"line":1,"column":306}},"type":"cond-expr","locations":[{"start":{"line":1,"column":282},"end":{"line":1,"column":294}},{"start":{"line":1,"column":297},"end":{"line":1,"column":306}}],"line":1},"3":{"loc":{"start":{"line":2,"column":2},"end":{"line":8,"column":20}},"type":"switch","locations":[{"start":{"line":3,"column":4},"end":{"line":4,"column":46}},{"start":{"line":5,"column":4},"end":{"line":6,"column":19}},{"start":{"line":7,"column":4},"end":{"line":8,"column":19}}],"line":2},"4":{"loc":{"start":{"line":4,"column":13},"end":{"line":4,"column":45}},"type":"cond-expr","locations":[{"start":{"line":4,"column":33},"end":{"line":4,"column":37}},{"start":{"line":4,"column":40},"end":{"line":4,"column":45}}],"line":4}},"s":{"0":1,"1":1,"2":1,"3":1,"4":1,"5":1,"6":0,"7":0,"8":1,"9":1,"10":1},"f":{"0":1},"b":{"0":[0,1],"1":[1,1],"2":[1,0],"3":[0,0,1],"4":[0,0]},"inputSourceMap":null,"_coverageSchema":"1a1c01bbd47fc00a2c39e90264f33305004495a9","hash":"dbb24479ebdffcb3f719666178a0215c8d30ffb0"}
,"/Users/geneween/Development/code/react-projects/search-newspapers-dev/SearchNewspapers/reducers/searchPage.js": {"path":"/Users/geneween/Development/code/react-projects/search-newspapers-dev/SearchNewspapers/reducers/searchPage.js","statementMap":{"0":{"start":{"line":1,"column":13},"end":{"line":1,"column":75}},"1":{"start":{"line":1,"column":75},"end":{"line":1,"column":100}},"2":{"start":{"line":1,"column":124},"end":{"line":8,"column":1}},"3":{"start":{"line":1,"column":166},"end":{"line":1,"column":238}},"4":{"start":{"line":1,"column":252},"end":{"line":1,"column":299}},"5":{"start":{"line":2,"column":2},"end":{"line":6,"column":20}},"6":{"start":{"line":4,"column":6},"end":{"line":4,"column":25}},"7":{"start":{"line":6,"column":6},"end":{"line":6,"column":19}},"8":{"start":{"line":10,"column":0},"end":{"line":10,"column":17}},"9":{"start":{"line":10,"column":18},"end":{"line":10,"column":45}}},"fnMap":{"0":{"name":"searchPageReducer","decl":{"start":{"line":1,"column":133},"end":{"line":1,"column":150}},"loc":{"start":{"line":1,"column":153},"end":{"line":8,"column":1}},"line":1}},"branchMap":{"0":{"loc":{"start":{"line":1,"column":166},"end":{"line":1,"column":238}},"type":"cond-expr","locations":[{"start":{"line":1,"column":219},"end":{"line":1,"column":231}},{"start":{"line":1,"column":234},"end":{"line":1,"column":238}}],"line":1},"1":{"loc":{"start":{"line":1,"column":166},"end":{"line":1,"column":216}},"type":"binary-expr","locations":[{"start":{"line":1,"column":166},"end":{"line":1,"column":186}},{"start":{"line":1,"column":190},"end":{"line":1,"column":216}}],"line":1},"2":{"loc":{"start":{"line":1,"column":252},"end":{"line":1,"column":299}},"type":"cond-expr","locations":[{"start":{"line":1,"column":275},"end":{"line":1,"column":287}},{"start":{"line":1,"column":290},"end":{"line":1,"column":299}}],"line":1},"3":{"loc":{"start":{"line":2,"column":2},"end":{"line":6,"column":20}},"type":"switch","locations":[{"start":{"line":3,"column":4},"end":{"line":4,"column":25}},{"start":{"line":5,"column":4},"end":{"line":6,"column":19}}],"line":2}},"s":{"0":1,"1":1,"2":1,"3":1,"4":1,"5":1,"6":0,"7":1,"8":1,"9":1},"f":{"0":1},"b":{"0":[0,1],"1":[1,1],"2":[1,0],"3":[0,1]},"inputSourceMap":null,"_coverageSchema":"1a1c01bbd47fc00a2c39e90264f33305004495a9","hash":"f679357df470f964cd33bed1fe57421ad5eea780"}
,"/Users/geneween/Development/code/react-projects/search-newspapers-dev/SearchNewspapers/reducers/selectedPagesDel.js": {"path":"/Users/geneween/Development/code/react-projects/search-newspapers-dev/SearchNewspapers/reducers/selectedPagesDel.js","statementMap":{"0":{"start":{"line":1,"column":42},"end":{"line":1,"column":97}},"1":{"start":{"line":1,"column":98},"end":{"line":1,"column":160}},"2":{"start":{"line":1,"column":160},"end":{"line":1,"column":185}},"3":{"start":{"line":1,"column":211},"end":{"line":1,"column":286}},"4":{"start":{"line":1,"column":317},"end":{"line":15,"column":1}},"5":{"start":{"line":1,"column":365},"end":{"line":1,"column":435}},"6":{"start":{"line":1,"column":449},"end":{"line":1,"column":496}},"7":{"start":{"line":2,"column":2},"end":{"line":13,"column":20}},"8":{"start":{"line":4,"column":6},"end":{"line":6,"column":18}},"9":{"start":{"line":9,"column":6},"end":{"line":9,"column":68}},"10":{"start":{"line":9,"column":41},"end":{"line":9,"column":65}},"11":{"start":{"line":11,"column":6},"end":{"line":11,"column":16}},"12":{"start":{"line":13,"column":6},"end":{"line":13,"column":19}},"13":{"start":{"line":17,"column":0},"end":{"line":17,"column":23}},"14":{"start":{"line":17,"column":24},"end":{"line":17,"column":51}}},"fnMap":{"0":{"name":"selectedPagesDelReducer","decl":{"start":{"line":1,"column":326},"end":{"line":1,"column":349}},"loc":{"start":{"line":1,"column":352},"end":{"line":15,"column":1}},"line":1},"1":{"name":"(anonymous_1)","decl":{"start":{"line":9,"column":26},"end":{"line":9,"column":27}},"loc":{"start":{"line":9,"column":40},"end":{"line":9,"column":66}},"line":9}},"branchMap":{"0":{"loc":{"start":{"line":1,"column":365},"end":{"line":1,"column":435}},"type":"cond-expr","locations":[{"start":{"line":1,"column":418},"end":{"line":1,"column":430}},{"start":{"line":1,"column":433},"end":{"line":1,"column":435}}],"line":1},"1":{"loc":{"start":{"line":1,"column":365},"end":{"line":1,"column":415}},"type":"binary-expr","locations":[{"start":{"line":1,"column":365},"end":{"line":1,"column":385}},{"start":{"line":1,"column":389},"end":{"line":1,"column":415}}],"line":1},"2":{"loc":{"start":{"line":1,"column":449},"end":{"line":1,"column":496}},"type":"cond-expr","locations":[{"start":{"line":1,"column":472},"end":{"line":1,"column":484}},{"start":{"line":1,"column":487},"end":{"line":1,"column":496}}],"line":1},"3":{"loc":{"start":{"line":2,"column":2},"end":{"line":13,"column":20}},"type":"switch","locations":[{"start":{"line":3,"column":4},"end":{"line":6,"column":18}},{"start":{"line":8,"column":4},"end":{"line":9,"column":68}},{"start":{"line":10,"column":4},"end":{"line":11,"column":16}},{"start":{"line":12,"column":4},"end":{"line":13,"column":19}}],"line":2}},"s":{"0":1,"1":1,"2":1,"3":1,"4":1,"5":1,"6":1,"7":1,"8":0,"9":0,"10":0,"11":0,"12":1,"13":1,"14":1},"f":{"0":1,"1":0},"b":{"0":[0,1],"1":[1,1],"2":[1,0],"3":[0,0,0,1]},"inputSourceMap":null,"_coverageSchema":"1a1c01bbd47fc00a2c39e90264f33305004495a9","hash":"d465f5fdff7dfdc78dbfbeaa62a8df4807e1b17a"}
,"/Users/geneween/Development/code/react-projects/search-newspapers-dev/SearchNewspapers/reducers/selectedResult.js": {"path":"/Users/geneween/Development/code/react-projects/search-newspapers-dev/SearchNewspapers/reducers/selectedResult.js","statementMap":{"0":{"start":{"line":1,"column":13},"end":{"line":1,"column":75}},"1":{"start":{"line":1,"column":75},"end":{"line":1,"column":100}},"2":{"start":{"line":1,"column":128},"end":{"line":10,"column":1}},"3":{"start":{"line":1,"column":174},"end":{"line":1,"column":246}},"4":{"start":{"line":1,"column":260},"end":{"line":1,"column":307}},"5":{"start":{"line":2,"column":2},"end":{"line":8,"column":20}},"6":{"start":{"line":4,"column":6},"end":{"line":4,"column":27}},"7":{"start":{"line":6,"column":6},"end":{"line":6,"column":27}},"8":{"start":{"line":8,"column":6},"end":{"line":8,"column":19}},"9":{"start":{"line":12,"column":0},"end":{"line":12,"column":21}},"10":{"start":{"line":12,"column":22},"end":{"line":12,"column":49}}},"fnMap":{"0":{"name":"selectedResultReducer","decl":{"start":{"line":1,"column":137},"end":{"line":1,"column":158}},"loc":{"start":{"line":1,"column":161},"end":{"line":10,"column":1}},"line":1}},"branchMap":{"0":{"loc":{"start":{"line":1,"column":174},"end":{"line":1,"column":246}},"type":"cond-expr","locations":[{"start":{"line":1,"column":227},"end":{"line":1,"column":239}},{"start":{"line":1,"column":242},"end":{"line":1,"column":246}}],"line":1},"1":{"loc":{"start":{"line":1,"column":174},"end":{"line":1,"column":224}},"type":"binary-expr","locations":[{"start":{"line":1,"column":174},"end":{"line":1,"column":194}},{"start":{"line":1,"column":198},"end":{"line":1,"column":224}}],"line":1},"2":{"loc":{"start":{"line":1,"column":260},"end":{"line":1,"column":307}},"type":"cond-expr","locations":[{"start":{"line":1,"column":283},"end":{"line":1,"column":295}},{"start":{"line":1,"column":298},"end":{"line":1,"column":307}}],"line":1},"3":{"loc":{"start":{"line":2,"column":2},"end":{"line":8,"column":20}},"type":"switch","locations":[{"start":{"line":3,"column":4},"end":{"line":4,"column":27}},{"start":{"line":5,"column":4},"end":{"line":6,"column":27}},{"start":{"line":7,"column":4},"end":{"line":8,"column":19}}],"line":2}},"s":{"0":1,"1":1,"2":1,"3":1,"4":1,"5":1,"6":0,"7":0,"8":1,"9":1,"10":1},"f":{"0":1},"b":{"0":[0,1],"1":[1,1],"2":[1,0],"3":[0,0,1]},"inputSourceMap":null,"_coverageSchema":"1a1c01bbd47fc00a2c39e90264f33305004495a9","hash":"441debc0f5aaccce57932adb53bd7b73183fd571"}
,"/Users/geneween/Development/code/react-projects/search-newspapers-dev/SearchNewspapers/reducers/selectedTitle.js": {"path":"/Users/geneween/Development/code/react-projects/search-newspapers-dev/SearchNewspapers/reducers/selectedTitle.js","statementMap":{"0":{"start":{"line":1,"column":13},"end":{"line":1,"column":75}},"1":{"start":{"line":1,"column":75},"end":{"line":1,"column":100}},"2":{"start":{"line":1,"column":127},"end":{"line":10,"column":1}},"3":{"start":{"line":1,"column":172},"end":{"line":1,"column":244}},"4":{"start":{"line":1,"column":258},"end":{"line":1,"column":305}},"5":{"start":{"line":2,"column":2},"end":{"line":8,"column":20}},"6":{"start":{"line":4,"column":6},"end":{"line":4,"column":26}},"7":{"start":{"line":6,"column":6},"end":{"line":6,"column":18}},"8":{"start":{"line":8,"column":6},"end":{"line":8,"column":19}},"9":{"start":{"line":12,"column":0},"end":{"line":12,"column":20}},"10":{"start":{"line":12,"column":21},"end":{"line":12,"column":48}}},"fnMap":{"0":{"name":"selectedTitleReducer","decl":{"start":{"line":1,"column":136},"end":{"line":1,"column":156}},"loc":{"start":{"line":1,"column":159},"end":{"line":10,"column":1}},"line":1}},"branchMap":{"0":{"loc":{"start":{"line":1,"column":172},"end":{"line":1,"column":244}},"type":"cond-expr","locations":[{"start":{"line":1,"column":225},"end":{"line":1,"column":237}},{"start":{"line":1,"column":240},"end":{"line":1,"column":244}}],"line":1},"1":{"loc":{"start":{"line":1,"column":172},"end":{"line":1,"column":222}},"type":"binary-expr","locations":[{"start":{"line":1,"column":172},"end":{"line":1,"column":192}},{"start":{"line":1,"column":196},"end":{"line":1,"column":222}}],"line":1},"2":{"loc":{"start":{"line":1,"column":258},"end":{"line":1,"column":305}},"type":"cond-expr","locations":[{"start":{"line":1,"column":281},"end":{"line":1,"column":293}},{"start":{"line":1,"column":296},"end":{"line":1,"column":305}}],"line":1},"3":{"loc":{"start":{"line":2,"column":2},"end":{"line":8,"column":20}},"type":"switch","locations":[{"start":{"line":3,"column":4},"end":{"line":4,"column":26}},{"start":{"line":5,"column":4},"end":{"line":6,"column":18}},{"start":{"line":7,"column":4},"end":{"line":8,"column":19}}],"line":2}},"s":{"0":1,"1":1,"2":1,"3":1,"4":1,"5":1,"6":0,"7":0,"8":1,"9":1,"10":1},"f":{"0":1},"b":{"0":[0,1],"1":[1,1],"2":[1,0],"3":[0,0,1]},"inputSourceMap":null,"_coverageSchema":"1a1c01bbd47fc00a2c39e90264f33305004495a9","hash":"938c1d509bda90cc717088a09d9dfcac2edbc207"}
,"/Users/geneween/Development/code/react-projects/search-newspapers-dev/SearchNewspapers/reducers/sequence.js": {"path":"/Users/geneween/Development/code/react-projects/search-newspapers-dev/SearchNewspapers/reducers/sequence.js","statementMap":{"0":{"start":{"line":1,"column":13},"end":{"line":1,"column":75}},"1":{"start":{"line":1,"column":75},"end":{"line":1,"column":100}},"2":{"start":{"line":1,"column":122},"end":{"line":8,"column":1}},"3":{"start":{"line":1,"column":162},"end":{"line":1,"column":232}},"4":{"start":{"line":1,"column":246},"end":{"line":1,"column":293}},"5":{"start":{"line":2,"column":2},"end":{"line":6,"column":20}},"6":{"start":{"line":4,"column":6},"end":{"line":4,"column":29}},"7":{"start":{"line":6,"column":6},"end":{"line":6,"column":19}},"8":{"start":{"line":10,"column":0},"end":{"line":10,"column":15}},"9":{"start":{"line":10,"column":16},"end":{"line":10,"column":43}}},"fnMap":{"0":{"name":"sequenceReducer","decl":{"start":{"line":1,"column":131},"end":{"line":1,"column":146}},"loc":{"start":{"line":1,"column":149},"end":{"line":8,"column":1}},"line":1}},"branchMap":{"0":{"loc":{"start":{"line":1,"column":162},"end":{"line":1,"column":232}},"type":"cond-expr","locations":[{"start":{"line":1,"column":215},"end":{"line":1,"column":227}},{"start":{"line":1,"column":230},"end":{"line":1,"column":232}}],"line":1},"1":{"loc":{"start":{"line":1,"column":162},"end":{"line":1,"column":212}},"type":"binary-expr","locations":[{"start":{"line":1,"column":162},"end":{"line":1,"column":182}},{"start":{"line":1,"column":186},"end":{"line":1,"column":212}}],"line":1},"2":{"loc":{"start":{"line":1,"column":246},"end":{"line":1,"column":293}},"type":"cond-expr","locations":[{"start":{"line":1,"column":269},"end":{"line":1,"column":281}},{"start":{"line":1,"column":284},"end":{"line":1,"column":293}}],"line":1},"3":{"loc":{"start":{"line":2,"column":2},"end":{"line":6,"column":20}},"type":"switch","locations":[{"start":{"line":3,"column":4},"end":{"line":4,"column":29}},{"start":{"line":5,"column":4},"end":{"line":6,"column":19}}],"line":2}},"s":{"0":1,"1":1,"2":1,"3":1,"4":1,"5":1,"6":0,"7":1,"8":1,"9":1},"f":{"0":1},"b":{"0":[0,1],"1":[1,1],"2":[1,0],"3":[0,1]},"inputSourceMap":null,"_coverageSchema":"1a1c01bbd47fc00a2c39e90264f33305004495a9","hash":"3cb33b24627a1610c4ff3926b450ff529be86085"}
,"/Users/geneween/Development/code/react-projects/search-newspapers-dev/SearchNewspapers/reducers/user.js": {"path":"/Users/geneween/Development/code/react-projects/search-newspapers-dev/SearchNewspapers/reducers/user.js","statementMap":{"0":{"start":{"line":1,"column":13},"end":{"line":1,"column":75}},"1":{"start":{"line":1,"column":75},"end":{"line":1,"column":100}},"2":{"start":{"line":1,"column":118},"end":{"line":10,"column":1}},"3":{"start":{"line":1,"column":154},"end":{"line":1,"column":226}},"4":{"start":{"line":1,"column":240},"end":{"line":1,"column":287}},"5":{"start":{"line":2,"column":2},"end":{"line":8,"column":20}},"6":{"start":{"line":4,"column":6},"end":{"line":4,"column":25}},"7":{"start":{"line":6,"column":6},"end":{"line":6,"column":18}},"8":{"start":{"line":8,"column":6},"end":{"line":8,"column":19}},"9":{"start":{"line":12,"column":0},"end":{"line":12,"column":11}},"10":{"start":{"line":12,"column":12},"end":{"line":12,"column":39}}},"fnMap":{"0":{"name":"userReducer","decl":{"start":{"line":1,"column":127},"end":{"line":1,"column":138}},"loc":{"start":{"line":1,"column":141},"end":{"line":10,"column":1}},"line":1}},"branchMap":{"0":{"loc":{"start":{"line":1,"column":154},"end":{"line":1,"column":226}},"type":"cond-expr","locations":[{"start":{"line":1,"column":207},"end":{"line":1,"column":219}},{"start":{"line":1,"column":222},"end":{"line":1,"column":226}}],"line":1},"1":{"loc":{"start":{"line":1,"column":154},"end":{"line":1,"column":204}},"type":"binary-expr","locations":[{"start":{"line":1,"column":154},"end":{"line":1,"column":174}},{"start":{"line":1,"column":178},"end":{"line":1,"column":204}}],"line":1},"2":{"loc":{"start":{"line":1,"column":240},"end":{"line":1,"column":287}},"type":"cond-expr","locations":[{"start":{"line":1,"column":263},"end":{"line":1,"column":275}},{"start":{"line":1,"column":278},"end":{"line":1,"column":287}}],"line":1},"3":{"loc":{"start":{"line":2,"column":2},"end":{"line":8,"column":20}},"type":"switch","locations":[{"start":{"line":3,"column":4},"end":{"line":4,"column":25}},{"start":{"line":5,"column":4},"end":{"line":6,"column":18}},{"start":{"line":7,"column":4},"end":{"line":8,"column":19}}],"line":2}},"s":{"0":1,"1":1,"2":1,"3":1,"4":1,"5":1,"6":0,"7":0,"8":1,"9":1,"10":1},"f":{"0":1},"b":{"0":[0,1],"1":[1,1],"2":[1,0],"3":[0,0,1]},"inputSourceMap":null,"_coverageSchema":"1a1c01bbd47fc00a2c39e90264f33305004495a9","hash":"00d0a98ca46044d659425fcd39d2447171a638ae"}
}
