TN:
SF:actions/results.js
FN:3,getResults
FN:5,(anonymous_1)
FN:8,(anonymous_2)
FN:9,(anonymous_3)
FNF:4
FNH:0
FNDA:0,getResults
FNDA:0,(anonymous_1)
FNDA:0,(anonymous_2)
FNDA:0,(anonymous_3)
DA:1,1
DA:3,1
DA:4,0
DA:5,0
DA:6,0
DA:7,0
DA:8,0
DA:10,0
DA:13,1
LF:9
LH:3
BRF:0
BRH:0
end_of_record
TN:
SF:actions/users.js
FN:4,createUser
FN:11,(anonymous_1)
FN:14,(anonymous_2)
FN:15,(anonymous_3)
FN:23,addUser
FN:24,(anonymous_5)
FN:30,deleteUser
FN:36,(anonymous_7)
FN:40,(anonymous_8)
FN:41,(anonymous_9)
FN:48,getPages
FN:50,(anonymous_11)
FN:53,(anonymous_12)
FN:54,(anonymous_13)
FN:61,savePage
FN:88,(anonymous_15)
FN:99,(anonymous_16)
FN:101,(anonymous_17)
FN:102,(anonymous_18)
FN:108,buildNote
FN:126,selectPageDel
FN:127,(anonymous_21)
FN:132,deselectPageDel
FN:133,(anonymous_23)
FN:138,deletePages
FN:148,(anonymous_25)
FN:150,(anonymous_26)
FN:152,(anonymous_27)
FN:153,(anonymous_28)
FN:159,renamePage
FN:169,(anonymous_30)
FN:172,(anonymous_31)
FN:173,(anonymous_32)
FNF:33
FNH:0
FNDA:0,createUser
FNDA:0,(anonymous_1)
FNDA:0,(anonymous_2)
FNDA:0,(anonymous_3)
FNDA:0,addUser
FNDA:0,(anonymous_5)
FNDA:0,deleteUser
FNDA:0,(anonymous_7)
FNDA:0,(anonymous_8)
FNDA:0,(anonymous_9)
FNDA:0,getPages
FNDA:0,(anonymous_11)
FNDA:0,(anonymous_12)
FNDA:0,(anonymous_13)
FNDA:0,savePage
FNDA:0,(anonymous_15)
FNDA:0,(anonymous_16)
FNDA:0,(anonymous_17)
FNDA:0,(anonymous_18)
FNDA:0,buildNote
FNDA:0,selectPageDel
FNDA:0,(anonymous_21)
FNDA:0,deselectPageDel
FNDA:0,(anonymous_23)
FNDA:0,deletePages
FNDA:0,(anonymous_25)
FNDA:0,(anonymous_26)
FNDA:0,(anonymous_27)
FNDA:0,(anonymous_28)
FNDA:0,renamePage
FNDA:0,(anonymous_30)
FNDA:0,(anonymous_31)
FNDA:0,(anonymous_32)
DA:1,1
DA:2,1
DA:4,1
DA:5,0
DA:10,0
DA:11,0
DA:12,0
DA:13,0
DA:14,0
DA:16,0
DA:17,0
DA:18,0
DA:21,1
DA:23,1
DA:24,0
DA:25,0
DA:28,1
DA:30,1
DA:31,0
DA:35,0
DA:36,0
DA:37,0
DA:38,0
DA:39,0
DA:40,0
DA:42,0
DA:45,1
DA:48,1
DA:49,0
DA:50,0
DA:51,0
DA:52,0
DA:53,0
DA:55,0
DA:58,1
DA:61,1
DA:62,0
DA:63,0
DA:75,0
DA:76,0
DA:77,0
DA:88,0
DA:93,0
DA:98,0
DA:99,0
DA:100,0
DA:101,0
DA:103,0
DA:106,1
DA:108,1
DA:109,0
DA:126,1
DA:127,0
DA:128,0
DA:130,1
DA:132,1
DA:133,0
DA:134,0
DA:136,1
DA:138,1
DA:139,0
DA:142,0
DA:147,0
DA:148,0
DA:149,0
DA:150,0
DA:151,0
DA:152,0
DA:154,0
DA:157,1
DA:159,1
DA:160,0
DA:163,0
DA:168,0
DA:169,0
DA:170,0
DA:171,0
DA:172,0
DA:175,1
LF:79
LH:21
BRDA:109,0,0,0
BRDA:109,0,1,0
BRF:2
BRH:0
end_of_record
TN:
SF:assets/journo.jpg
FNF:0
FNH:0
DA:1,1
LF:1
LH:1
BRF:0
BRH:0
end_of_record
TN:
SF:components/home/CreateUser.js
FN:5,_createSuper
FN:5,_createSuperInternal
FN:5,_isNativeReflectConstruct
FN:5,(anonymous_3)
FN:7,(anonymous_4)
FN:8,CreateUser
FN:15,(anonymous_6)
FN:19,(anonymous_7)
FN:23,render
FN:48,mapDispatchToProps
FN:50,createUser
FNF:11
FNH:3
FNDA:1,_createSuper
FNDA:0,_createSuperInternal
FNDA:1,_isNativeReflectConstruct
FNDA:0,(anonymous_3)
FNDA:1,(anonymous_4)
FNDA:0,CreateUser
FNDA:0,(anonymous_6)
FNDA:0,(anonymous_7)
FNDA:0,render
FNDA:0,mapDispatchToProps
FNDA:0,createUser
DA:1,1
DA:2,1
DA:3,1
DA:4,1
DA:5,1
DA:7,1
DA:8,0
DA:9,0
DA:16,0
DA:17,0
DA:20,0
DA:23,1
DA:26,0
DA:45,1
DA:48,1
DA:49,0
DA:50,0
DA:54,1
DA:56,1
LF:19
LH:11
BRDA:5,0,0,0
BRDA:5,0,1,0
BRDA:5,1,0,0
BRDA:5,1,1,1
BRDA:5,2,0,1
BRDA:5,2,1,1
BRDA:5,3,0,0
BRDA:5,3,1,1
BRDA:5,4,0,1
BRDA:5,4,1,0
BRF:10
BRH:5
end_of_record
TN:
SF:components/home/Home.js
FN:7,_createSuper
FN:7,_createSuperInternal
FN:7,_isNativeReflectConstruct
FN:7,(anonymous_3)
FN:9,(anonymous_4)
FN:9,Home
FN:9,componentDidMount
FN:13,render
FN:30,mapStateToProps
FN:36,mapDispatchToProps
FN:38,addUser
FNF:11
FNH:9
FNDA:1,_createSuper
FNDA:1,_createSuperInternal
FNDA:1,_isNativeReflectConstruct
FNDA:0,(anonymous_3)
FNDA:1,(anonymous_4)
FNDA:1,Home
FNDA:1,componentDidMount
FNDA:1,render
FNDA:1,mapStateToProps
FNDA:1,mapDispatchToProps
FNDA:0,addUser
DA:1,1
DA:2,1
DA:3,1
DA:4,1
DA:5,1
DA:6,1
DA:7,1
DA:9,1
DA:12,1
DA:16,1
DA:27,1
DA:30,1
DA:31,1
DA:36,1
DA:37,1
DA:38,0
DA:42,1
DA:44,1
LF:18
LH:17
BRDA:7,0,0,1
BRDA:7,0,1,0
BRDA:7,1,0,0
BRDA:7,1,1,1
BRDA:7,2,0,1
BRDA:7,2,1,1
BRDA:7,3,0,0
BRDA:7,3,1,1
BRDA:7,4,0,1
BRDA:7,4,1,0
BRDA:21,5,0,1
BRDA:21,5,1,0
BRF:12
BRH:7
end_of_record
TN:
SF:components/home/SearchForm.js
FN:7,_createSuper
FN:7,_createSuperInternal
FN:7,_isNativeReflectConstruct
FN:7,(anonymous_3)
FN:9,(anonymous_4)
FN:10,SearchForm
FN:18,(anonymous_6)
FN:24,(anonymous_7)
FN:27,render
FN:47,mapStateToProps
FN:53,mapDispatchToProps
FN:55,getResults
FNF:12
FNH:8
FNDA:1,_createSuper
FNDA:1,_createSuperInternal
FNDA:1,_isNativeReflectConstruct
FNDA:0,(anonymous_3)
FNDA:1,(anonymous_4)
FNDA:1,SearchForm
FNDA:0,(anonymous_6)
FNDA:0,(anonymous_7)
FNDA:1,render
FNDA:1,mapStateToProps
FNDA:1,mapDispatchToProps
FNDA:0,getResults
DA:1,1
DA:2,1
DA:3,1
DA:4,1
DA:5,1
DA:6,1
DA:7,1
DA:9,1
DA:10,1
DA:11,1
DA:19,0
DA:22,1
DA:25,0
DA:26,0
DA:27,1
DA:30,1
DA:44,1
DA:47,1
DA:48,1
DA:53,1
DA:54,1
DA:55,0
DA:59,1
DA:61,1
DA:63,1
LF:25
LH:21
BRDA:7,0,0,1
BRDA:7,0,1,0
BRDA:7,1,0,0
BRDA:7,1,1,1
BRDA:7,2,0,1
BRDA:7,2,1,1
BRDA:7,3,0,0
BRDA:7,3,1,1
BRDA:7,4,0,1
BRDA:7,4,1,0
BRF:10
BRH:6
end_of_record
TN:
SF:components/templates/Link.js
FN:4,Link
FN:6,_callee
FN:6,_callee$
FNF:3
FNH:1
FNDA:1,Link
FNDA:0,_callee
FNDA:0,_callee$
DA:1,1
DA:2,1
DA:4,1
DA:6,1
DA:8,0
DA:9,0
DA:12,0
DA:14,0
DA:18,1
DA:23,1
DA:25,1
LF:11
LH:7
BRDA:6,0,0,0
BRDA:6,0,1,0
BRDA:6,0,2,0
BRDA:6,0,3,0
BRDA:6,0,4,0
BRDA:6,0,5,0
BRDA:8,1,0,0
BRDA:8,1,1,0
BRF:8
BRH:0
end_of_record
TN:
SF:components/templates/SubmitButton.js
FN:2,ownKeys
FN:2,(anonymous_1)
FN:2,_objectSpread
FN:2,(anonymous_3)
FN:2,(anonymous_4)
FN:5,SubmitButton
FNF:6
FNH:4
FNDA:4,ownKeys
FNDA:0,(anonymous_1)
FNDA:4,_objectSpread
FNDA:6,(anonymous_3)
FNDA:0,(anonymous_4)
FNDA:1,SubmitButton
DA:1,1
DA:2,6
DA:5,1
DA:6,1
DA:10,1
DA:15,1
DA:20,1
DA:22,1
LF:8
LH:8
BRDA:2,0,0,4
BRDA:2,0,1,0
BRDA:2,1,0,4
BRDA:2,1,1,0
BRDA:2,2,0,4
BRDA:2,2,1,0
BRDA:2,3,0,4
BRDA:2,3,1,0
BRDA:2,4,0,0
BRDA:2,4,1,0
BRF:10
BRH:4
end_of_record
TN:
SF:constants/index.js
FNF:0
FNH:0
DA:1,1
DA:3,1
DA:5,1
DA:7,1
DA:9,1
LF:5
LH:5
BRF:0
BRH:0
end_of_record
TN:
SF:helpers/index.js
FN:3,asyncStore
FN:5,(anonymous_1)
FN:6,(anonymous_2)
FN:11,getAsyncData
FN:13,(anonymous_4)
FN:19,(anonymous_5)
FN:22,removeAsyncData
FN:26,convertDate
FN:34,titleize
FN:48,capitalizeWords
FN:49,(anonymous_10)
FNF:11
FNH:1
FNDA:0,asyncStore
FNDA:0,(anonymous_1)
FNDA:0,(anonymous_2)
FNDA:1,getAsyncData
FNDA:0,(anonymous_4)
FNDA:0,(anonymous_5)
FNDA:0,removeAsyncData
FNDA:0,convertDate
FNDA:0,titleize
FNDA:0,capitalizeWords
FNDA:0,(anonymous_10)
DA:1,1
DA:3,1
DA:4,0
DA:5,0
DA:7,0
DA:9,1
DA:11,1
DA:12,1
DA:14,0
DA:15,0
DA:16,0
DA:19,0
DA:20,1
DA:22,1
DA:23,0
DA:24,1
DA:26,1
DA:27,0
DA:28,0
DA:29,0
DA:30,0
DA:31,0
DA:32,1
DA:34,1
DA:35,0
DA:36,0
DA:37,0
DA:38,0
DA:39,0
DA:40,0
DA:41,0
DA:42,0
DA:44,0
DA:46,1
DA:48,1
DA:49,0
DA:50,0
DA:51,0
DA:52,0
LF:39
LH:13
BRDA:14,0,0,0
BRDA:14,0,1,0
BRDA:40,1,0,0
BRDA:40,1,1,0
BRF:4
BRH:0
end_of_record
TN:
SF:reducers/edition.js
FN:1,editionReducer
FNF:1
FNH:1
FNDA:1,editionReducer
DA:1,1
DA:2,1
DA:4,0
DA:6,0
DA:8,0
DA:10,1
DA:14,1
LF:7
LH:4
BRDA:1,0,0,0
BRDA:1,0,1,1
BRDA:1,1,0,1
BRDA:1,1,1,1
BRDA:1,2,0,1
BRDA:1,2,1,0
BRDA:2,3,0,0
BRDA:2,3,1,0
BRDA:2,3,2,0
BRDA:2,3,3,1
BRF:10
BRH:5
end_of_record
TN:
SF:reducers/editionLoader.js
FN:1,editionLoaderReducer
FNF:1
FNH:1
FNDA:1,editionLoaderReducer
DA:1,1
DA:2,1
DA:4,0
DA:6,0
DA:8,1
DA:12,1
LF:6
LH:4
BRDA:1,0,0,0
BRDA:1,0,1,1
BRDA:1,1,0,1
BRDA:1,1,1,1
BRDA:1,2,0,1
BRDA:1,2,1,0
BRDA:2,3,0,0
BRDA:2,3,1,0
BRDA:2,3,2,1
BRF:9
BRH:5
end_of_record
TN:
SF:reducers/editionPage.js
FN:1,editionPageReducer
FNF:1
FNH:1
FNDA:1,editionPageReducer
DA:1,1
DA:2,1
DA:4,0
DA:6,0
DA:8,1
DA:12,1
LF:6
LH:4
BRDA:1,0,0,0
BRDA:1,0,1,1
BRDA:1,1,0,1
BRDA:1,1,1,1
BRDA:1,2,0,1
BRDA:1,2,1,0
BRDA:2,3,0,0
BRDA:2,3,1,0
BRDA:2,3,2,1
BRF:9
BRH:5
end_of_record
TN:
SF:reducers/loader.js
FN:1,loaderReducer
FNF:1
FNH:1
FNDA:1,loaderReducer
DA:1,1
DA:2,1
DA:4,0
DA:6,0
DA:8,0
DA:10,0
DA:12,0
DA:14,0
DA:16,0
DA:18,0
DA:20,0
DA:22,0
DA:24,0
DA:26,0
DA:28,1
DA:32,1
LF:16
LH:4
BRDA:1,0,0,0
BRDA:1,0,1,1
BRDA:1,1,0,1
BRDA:1,1,1,1
BRDA:1,2,0,1
BRDA:1,2,1,0
BRDA:2,3,0,0
BRDA:2,3,1,0
BRDA:2,3,2,0
BRDA:2,3,3,0
BRDA:2,3,4,0
BRDA:2,3,5,0
BRDA:2,3,6,0
BRDA:2,3,7,0
BRDA:2,3,8,0
BRDA:2,3,9,0
BRDA:2,3,10,0
BRDA:2,3,11,0
BRDA:2,3,12,1
BRF:19
BRH:5
end_of_record
TN:
SF:reducers/pages.js
FN:1,ownKeys
FN:1,(anonymous_1)
FN:1,_objectSpread
FN:1,(anonymous_3)
FN:1,(anonymous_4)
FN:1,pagesReducer
FN:11,(anonymous_6)
FN:13,(anonymous_7)
FNF:8
FNH:1
FNDA:0,ownKeys
FNDA:0,(anonymous_1)
FNDA:0,_objectSpread
FNDA:0,(anonymous_3)
FNDA:0,(anonymous_4)
FNDA:1,pagesReducer
FNDA:0,(anonymous_6)
FNDA:0,(anonymous_7)
DA:1,1
DA:2,1
DA:4,0
DA:6,0
DA:11,0
DA:13,0
DA:14,0
DA:15,0
DA:19,0
DA:22,1
DA:26,1
LF:11
LH:4
BRDA:1,0,0,0
BRDA:1,0,1,0
BRDA:1,1,0,0
BRDA:1,1,1,0
BRDA:1,2,0,0
BRDA:1,2,1,0
BRDA:1,3,0,0
BRDA:1,3,1,0
BRDA:1,4,0,0
BRDA:1,4,1,0
BRDA:1,5,0,0
BRDA:1,5,1,1
BRDA:1,6,0,1
BRDA:1,6,1,1
BRDA:1,7,0,1
BRDA:1,7,1,0
BRDA:2,8,0,0
BRDA:2,8,1,0
BRDA:2,8,2,0
BRDA:2,8,3,0
BRDA:2,8,4,1
BRDA:14,9,0,0
BRDA:14,9,1,0
BRF:23
BRH:5
end_of_record
TN:
SF:reducers/query.js
FN:1,queryReducer
FNF:1
FNH:1
FNDA:1,queryReducer
DA:1,1
DA:2,1
DA:4,0
DA:6,1
DA:10,1
LF:5
LH:4
BRDA:1,0,0,0
BRDA:1,0,1,1
BRDA:1,1,0,1
BRDA:1,1,1,1
BRDA:1,2,0,1
BRDA:1,2,1,0
BRDA:2,3,0,0
BRDA:2,3,1,1
BRF:8
BRH:5
end_of_record
TN:
SF:reducers/results.js
FN:1,resultsReducer
FNF:1
FNH:1
FNDA:2,resultsReducer
DA:1,2
DA:2,2
DA:4,1
DA:6,1
DA:10,1
LF:5
LH:5
BRDA:1,0,0,0
BRDA:1,0,1,2
BRDA:1,1,0,2
BRDA:1,1,1,2
BRDA:1,2,0,2
BRDA:1,2,1,0
BRDA:2,3,0,1
BRDA:2,3,1,1
BRF:8
BRH:6
end_of_record
TN:
SF:reducers/resultsLoader.js
FN:1,resultsLoaderReducer
FNF:1
FNH:1
FNDA:1,resultsLoaderReducer
DA:1,1
DA:2,1
DA:4,0
DA:6,0
DA:8,1
DA:12,1
LF:6
LH:4
BRDA:1,0,0,0
BRDA:1,0,1,1
BRDA:1,1,0,1
BRDA:1,1,1,1
BRDA:1,2,0,1
BRDA:1,2,1,0
BRDA:2,3,0,0
BRDA:2,3,1,0
BRDA:2,3,2,1
BRDA:4,4,0,0
BRDA:4,4,1,0
BRF:11
BRH:5
end_of_record
TN:
SF:reducers/searchPage.js
FN:1,searchPageReducer
FNF:1
FNH:1
FNDA:1,searchPageReducer
DA:1,1
DA:2,1
DA:4,0
DA:6,1
DA:10,1
LF:5
LH:4
BRDA:1,0,0,0
BRDA:1,0,1,1
BRDA:1,1,0,1
BRDA:1,1,1,1
BRDA:1,2,0,1
BRDA:1,2,1,0
BRDA:2,3,0,0
BRDA:2,3,1,1
BRF:8
BRH:5
end_of_record
TN:
SF:reducers/selectedPagesDel.js
FN:1,selectedPagesDelReducer
FN:9,(anonymous_1)
FNF:2
FNH:1
FNDA:1,selectedPagesDelReducer
FNDA:0,(anonymous_1)
DA:1,1
DA:2,1
DA:4,0
DA:9,0
DA:11,0
DA:13,1
DA:17,1
LF:7
LH:4
BRDA:1,0,0,0
BRDA:1,0,1,1
BRDA:1,1,0,1
BRDA:1,1,1,1
BRDA:1,2,0,1
BRDA:1,2,1,0
BRDA:2,3,0,0
BRDA:2,3,1,0
BRDA:2,3,2,0
BRDA:2,3,3,1
BRF:10
BRH:5
end_of_record
TN:
SF:reducers/selectedResult.js
FN:1,selectedResultReducer
FNF:1
FNH:1
FNDA:1,selectedResultReducer
DA:1,1
DA:2,1
DA:4,0
DA:6,0
DA:8,1
DA:12,1
LF:6
LH:4
BRDA:1,0,0,0
BRDA:1,0,1,1
BRDA:1,1,0,1
BRDA:1,1,1,1
BRDA:1,2,0,1
BRDA:1,2,1,0
BRDA:2,3,0,0
BRDA:2,3,1,0
BRDA:2,3,2,1
BRF:9
BRH:5
end_of_record
TN:
SF:reducers/selectedTitle.js
FN:1,selectedTitleReducer
FNF:1
FNH:1
FNDA:1,selectedTitleReducer
DA:1,1
DA:2,1
DA:4,0
DA:6,0
DA:8,1
DA:12,1
LF:6
LH:4
BRDA:1,0,0,0
BRDA:1,0,1,1
BRDA:1,1,0,1
BRDA:1,1,1,1
BRDA:1,2,0,1
BRDA:1,2,1,0
BRDA:2,3,0,0
BRDA:2,3,1,0
BRDA:2,3,2,1
BRF:9
BRH:5
end_of_record
TN:
SF:reducers/sequence.js
FN:1,sequenceReducer
FNF:1
FNH:1
FNDA:1,sequenceReducer
DA:1,1
DA:2,1
DA:4,0
DA:6,1
DA:10,1
LF:5
LH:4
BRDA:1,0,0,0
BRDA:1,0,1,1
BRDA:1,1,0,1
BRDA:1,1,1,1
BRDA:1,2,0,1
BRDA:1,2,1,0
BRDA:2,3,0,0
BRDA:2,3,1,1
BRF:8
BRH:5
end_of_record
TN:
SF:reducers/user.js
FN:1,userReducer
FNF:1
FNH:1
FNDA:1,userReducer
DA:1,1
DA:2,1
DA:4,0
DA:6,0
DA:8,1
DA:12,1
LF:6
LH:4
BRDA:1,0,0,0
BRDA:1,0,1,1
BRDA:1,1,0,1
BRDA:1,1,1,1
BRDA:1,2,0,1
BRDA:1,2,1,0
BRDA:2,3,0,0
BRDA:2,3,1,0
BRDA:2,3,2,1
BRF:9
BRH:5
end_of_record
